2024-12-04 15:53:26.232 [info] [main] Log level: Info
2024-12-04 15:53:26.232 [info] [main] Validating found git in: "git"
2024-12-04 15:53:26.232 [info] [main] Using git "2.42.0" from "git"
2024-12-04 15:53:26.232 [info] [Model][doInitialScan] Initial repository scan started
2024-12-04 15:53:26.232 [info] > git rev-parse --show-toplevel [20ms]
2024-12-04 15:53:26.232 [info] fatal: not a git repository (or any parent up to mount point /teamspace/studios)
Stopping at filesystem boundary (GIT_DISCOVERY_ACROSS_FILESYSTEM not set).
2024-12-04 15:53:26.232 [info] > git rev-parse --show-toplevel [3ms]
2024-12-04 15:53:26.232 [info] fatal: not a git repository (or any parent up to mount point /teamspace/studios)
Stopping at filesystem boundary (GIT_DISCOVERY_ACROSS_FILESYSTEM not set).
2024-12-04 15:53:26.232 [info] > git rev-parse --show-toplevel [2ms]
2024-12-04 15:53:26.232 [info] fatal: not a git repository (or any parent up to mount point /teamspace/studios)
Stopping at filesystem boundary (GIT_DISCOVERY_ACROSS_FILESYSTEM not set).
2024-12-04 15:53:26.232 [info] > git rev-parse --show-toplevel [2ms]
2024-12-04 15:53:26.232 [info] fatal: not a git repository (or any parent up to mount point /teamspace/studios)
Stopping at filesystem boundary (GIT_DISCOVERY_ACROSS_FILESYSTEM not set).
2024-12-04 15:53:26.232 [info] > git rev-parse --show-toplevel [2ms]
2024-12-04 15:53:26.232 [info] fatal: not a git repository (or any parent up to mount point /teamspace/studios)
Stopping at filesystem boundary (GIT_DISCOVERY_ACROSS_FILESYSTEM not set).
2024-12-04 15:53:26.232 [info] > git rev-parse --show-toplevel [2ms]
2024-12-04 15:53:26.232 [info] fatal: not a git repository (or any parent up to mount point /teamspace/studios)
Stopping at filesystem boundary (GIT_DISCOVERY_ACROSS_FILESYSTEM not set).
2024-12-04 15:53:26.232 [info] > git rev-parse --show-toplevel [2ms]
2024-12-04 15:53:26.232 [info] fatal: not a git repository (or any parent up to mount point /teamspace/studios)
Stopping at filesystem boundary (GIT_DISCOVERY_ACROSS_FILESYSTEM not set).
2024-12-04 15:53:26.232 [info] > git rev-parse --show-toplevel [2ms]
2024-12-04 15:53:26.232 [info] fatal: not a git repository (or any parent up to mount point /teamspace/studios)
Stopping at filesystem boundary (GIT_DISCOVERY_ACROSS_FILESYSTEM not set).
2024-12-04 15:53:26.232 [info] > git rev-parse --show-toplevel [2ms]
2024-12-04 15:53:26.232 [info] fatal: not a git repository (or any parent up to mount point /teamspace/studios)
Stopping at filesystem boundary (GIT_DISCOVERY_ACROSS_FILESYSTEM not set).
2024-12-04 15:53:26.232 [info] > git rev-parse --show-toplevel [2ms]
2024-12-04 15:53:26.232 [info] fatal: not a git repository (or any parent up to mount point /teamspace/studios)
Stopping at filesystem boundary (GIT_DISCOVERY_ACROSS_FILESYSTEM not set).
2024-12-04 15:53:26.232 [info] > git rev-parse --show-toplevel [2ms]
2024-12-04 15:53:26.232 [info] fatal: not a git repository (or any parent up to mount point /teamspace/studios)
Stopping at filesystem boundary (GIT_DISCOVERY_ACROSS_FILESYSTEM not set).
2024-12-04 15:53:26.232 [info] > git rev-parse --show-toplevel [2ms]
2024-12-04 15:53:26.232 [info] fatal: not a git repository (or any parent up to mount point /teamspace/studios)
Stopping at filesystem boundary (GIT_DISCOVERY_ACROSS_FILESYSTEM not set).
2024-12-04 15:53:26.232 [info] > git rev-parse --show-toplevel [2ms]
2024-12-04 15:53:26.232 [info] fatal: not a git repository (or any parent up to mount point /teamspace/studios)
Stopping at filesystem boundary (GIT_DISCOVERY_ACROSS_FILESYSTEM not set).
2024-12-04 15:53:26.233 [info] [Model][doInitialScan] Initial repository scan completed - repositories (0), closed repositories (0), parent repositories (0), unsafe repositories (0)
2024-12-04 16:02:20.326 [info] > git rev-parse --show-toplevel [2ms]
2024-12-04 16:02:20.331 [info] > git rev-parse --git-dir --git-common-dir [2ms]
2024-12-04 16:02:20.337 [info] [Model][openRepository] Opened repository: /teamspace/studios/this_studio
2024-12-04 16:02:20.344 [info] [Git][getRemotes] No remotes found in the git config file
2024-12-04 16:02:20.344 [info] > git config --get commit.template [3ms]
2024-12-04 16:02:20.346 [info] > git for-each-ref --format=%(refname)%00%(upstream:short)%00%(objectname)%00%(upstream:track)%00%(upstream:remotename)%00%(upstream:remoteref) refs/heads/master refs/remotes/master [4ms]
2024-12-04 16:02:20.346 [warning] [Git][getBranch] No such branch: master
2024-12-04 16:02:20.352 [info] > git for-each-ref --sort -committerdate --format %(refname) %(objectname) %(*objectname) [2ms]
2024-12-04 16:02:20.496 [info] > git status -z -uall [148ms]
2024-12-04 16:02:20.522 [info] > git for-each-ref --format=%(refname)%00%(upstream:short)%00%(objectname)%00%(upstream:track)%00%(upstream:remotename)%00%(upstream:remoteref) refs/heads/master refs/remotes/master [5ms]
2024-12-04 16:02:20.522 [warning] [Git][getBranch] No such branch: master
2024-12-04 16:02:20.523 [error] [GitHistoryProvider][resolveHEADMergeBase] Failed to resolve merge base for master: Error: No such branch: master.
2024-12-04 16:02:20.524 [info] > git config --get commit.template [2ms]
2024-12-04 16:02:20.525 [info] [Git][getRemotes] No remotes found in the git config file
2024-12-04 16:02:20.527 [info] > git for-each-ref --format=%(refname)%00%(upstream:short)%00%(objectname)%00%(upstream:track)%00%(upstream:remotename)%00%(upstream:remoteref) refs/heads/master refs/remotes/master [2ms]
2024-12-04 16:02:20.527 [warning] [Git][getBranch] No such branch: master
2024-12-04 16:02:20.532 [info] > git for-each-ref --sort -committerdate --format %(refname) %(objectname) %(*objectname) [1ms]
2024-12-04 16:02:20.695 [info] > git status -z -uall [166ms]
2024-12-04 16:02:21.247 [info] > git check-ignore -v -z --stdin [3ms]
2024-12-04 16:02:21.423 [info] > git show --textconv :SingleDocumentRAG.py [5ms]
2024-12-04 16:02:21.424 [info] > git ls-files --stage -- /teamspace/studios/this_studio/SingleDocumentRAG.py [4ms]
2024-12-04 16:02:24.277 [info] [Git][getRemotes] No remotes found in the git config file
2024-12-04 16:02:24.278 [info] > git config --get commit.template [3ms]
2024-12-04 16:02:24.279 [info] > git for-each-ref --format=%(refname)%00%(upstream:short)%00%(objectname)%00%(upstream:track)%00%(upstream:remotename)%00%(upstream:remoteref) refs/heads/master refs/remotes/master [1ms]
2024-12-04 16:02:24.279 [warning] [Git][getBranch] No such branch: master
2024-12-04 16:02:24.284 [info] > git for-each-ref --sort -committerdate --format %(refname) %(objectname) %(*objectname) [2ms]
2024-12-04 16:02:24.372 [info] > git status -z -uall [92ms]
2024-12-04 16:02:26.551 [info] > git ls-files --stage -- /teamspace/studios/this_studio/SingleDocumentRAG.py [3ms]
2024-12-04 16:02:26.864 [info] > git show --textconv :SingleDocumentRAG.py [2ms]
2024-12-04 16:02:29.387 [info] > git config --get commit.template [2ms]
2024-12-04 16:02:29.389 [info] > git for-each-ref --format=%(refname)%00%(upstream:short)%00%(objectname)%00%(upstream:track)%00%(upstream:remotename)%00%(upstream:remoteref) refs/heads/master refs/remotes/master [2ms]
2024-12-04 16:02:29.389 [warning] [Git][getBranch] No such branch: master
2024-12-04 16:02:29.394 [info] > git for-each-ref --sort -committerdate --format %(refname) %(objectname) %(*objectname) [2ms]
2024-12-04 16:02:29.485 [info] > git status -z -uall [95ms]
2024-12-04 16:02:34.501 [info] > git config --get commit.template [2ms]
2024-12-04 16:02:34.503 [info] > git for-each-ref --format=%(refname)%00%(upstream:short)%00%(objectname)%00%(upstream:track)%00%(upstream:remotename)%00%(upstream:remoteref) refs/heads/master refs/remotes/master [2ms]
2024-12-04 16:02:34.503 [warning] [Git][getBranch] No such branch: master
2024-12-04 16:02:34.508 [info] > git for-each-ref --sort -committerdate --format %(refname) %(objectname) %(*objectname) [2ms]
2024-12-04 16:02:34.602 [info] > git status -z -uall [98ms]
2024-12-04 16:02:39.616 [info] > git config --get commit.template [3ms]
2024-12-04 16:02:39.618 [info] > git for-each-ref --format=%(refname)%00%(upstream:short)%00%(objectname)%00%(upstream:track)%00%(upstream:remotename)%00%(upstream:remoteref) refs/heads/master refs/remotes/master [3ms]
2024-12-04 16:02:39.618 [warning] [Git][getBranch] No such branch: master
2024-12-04 16:02:39.624 [info] > git for-each-ref --sort -committerdate --format %(refname) %(objectname) %(*objectname) [3ms]
2024-12-04 16:02:39.707 [info] > git status -z -uall [87ms]
2024-12-04 16:02:44.721 [info] > git config --get commit.template [2ms]
2024-12-04 16:02:44.723 [info] > git for-each-ref --format=%(refname)%00%(upstream:short)%00%(objectname)%00%(upstream:track)%00%(upstream:remotename)%00%(upstream:remoteref) refs/heads/master refs/remotes/master [2ms]
2024-12-04 16:02:44.723 [warning] [Git][getBranch] No such branch: master
2024-12-04 16:02:44.728 [info] > git for-each-ref --sort -committerdate --format %(refname) %(objectname) %(*objectname) [2ms]
2024-12-04 16:02:44.808 [info] > git status -z -uall [83ms]
2024-12-04 16:02:49.821 [info] > git config --get commit.template [2ms]
2024-12-04 16:02:49.823 [info] > git for-each-ref --format=%(refname)%00%(upstream:short)%00%(objectname)%00%(upstream:track)%00%(upstream:remotename)%00%(upstream:remoteref) refs/heads/master refs/remotes/master [2ms]
2024-12-04 16:02:49.823 [warning] [Git][getBranch] No such branch: master
2024-12-04 16:02:49.828 [info] > git for-each-ref --sort -committerdate --format %(refname) %(objectname) %(*objectname) [2ms]
2024-12-04 16:02:49.913 [info] > git status -z -uall [88ms]
2024-12-04 16:02:53.136 [info] > git check-ignore -v -z --stdin [2ms]
2024-12-04 16:02:54.927 [info] > git config --get commit.template [2ms]
2024-12-04 16:02:54.929 [info] > git for-each-ref --format=%(refname)%00%(upstream:short)%00%(objectname)%00%(upstream:track)%00%(upstream:remotename)%00%(upstream:remoteref) refs/heads/master refs/remotes/master [2ms]
2024-12-04 16:02:54.929 [warning] [Git][getBranch] No such branch: master
2024-12-04 16:02:54.934 [info] > git for-each-ref --sort -committerdate --format %(refname) %(objectname) %(*objectname) [2ms]
2024-12-04 16:02:55.018 [info] > git status -z -uall [88ms]
2024-12-04 16:03:00.033 [info] > git config --get commit.template [2ms]
2024-12-04 16:03:00.034 [info] > git for-each-ref --format=%(refname)%00%(upstream:short)%00%(objectname)%00%(upstream:track)%00%(upstream:remotename)%00%(upstream:remoteref) refs/heads/master refs/remotes/master [2ms]
2024-12-04 16:03:00.035 [warning] [Git][getBranch] No such branch: master
2024-12-04 16:03:00.040 [info] > git for-each-ref --sort -committerdate --format %(refname) %(objectname) %(*objectname) [2ms]
2024-12-04 16:03:00.134 [info] > git status -z -uall [98ms]
2024-12-04 16:03:05.149 [info] > git config --get commit.template [3ms]
2024-12-04 16:03:05.153 [info] > git for-each-ref --format=%(refname)%00%(upstream:short)%00%(objectname)%00%(upstream:track)%00%(upstream:remotename)%00%(upstream:remoteref) refs/heads/master refs/remotes/master [4ms]
2024-12-04 16:03:05.153 [warning] [Git][getBranch] No such branch: master
2024-12-04 16:03:05.159 [info] > git for-each-ref --sort -committerdate --format %(refname) %(objectname) %(*objectname) [2ms]
2024-12-04 16:03:05.249 [info] > git status -z -uall [94ms]
2024-12-04 16:03:05.325 [info] > git show --textconv :.gitignore [2ms]
2024-12-04 16:03:05.327 [info] > git ls-files --stage -- /teamspace/studios/this_studio/.gitignore [2ms]
2024-12-04 16:03:10.262 [info] > git config --get commit.template [2ms]
2024-12-04 16:03:10.264 [info] > git for-each-ref --format=%(refname)%00%(upstream:short)%00%(objectname)%00%(upstream:track)%00%(upstream:remotename)%00%(upstream:remoteref) refs/heads/master refs/remotes/master [2ms]
2024-12-04 16:03:10.264 [warning] [Git][getBranch] No such branch: master
2024-12-04 16:03:10.269 [info] > git for-each-ref --sort -committerdate --format %(refname) %(objectname) %(*objectname) [2ms]
2024-12-04 16:03:10.363 [info] > git status -z -uall [98ms]
2024-12-04 16:03:13.023 [info] > git check-ignore -v -z --stdin [2ms]
2024-12-04 16:03:14.386 [info] > git check-ignore -v -z --stdin [2ms]
2024-12-04 16:03:15.377 [info] > git config --get commit.template [3ms]
2024-12-04 16:03:15.378 [info] > git for-each-ref --format=%(refname)%00%(upstream:short)%00%(objectname)%00%(upstream:track)%00%(upstream:remotename)%00%(upstream:remoteref) refs/heads/master refs/remotes/master [2ms]
2024-12-04 16:03:15.378 [warning] [Git][getBranch] No such branch: master
2024-12-04 16:03:15.385 [info] > git for-each-ref --sort -committerdate --format %(refname) %(objectname) %(*objectname) [4ms]
2024-12-04 16:03:15.467 [info] > git status -z -uall [87ms]
2024-12-04 16:03:20.482 [info] > git config --get commit.template [2ms]
2024-12-04 16:03:20.484 [info] > git for-each-ref --format=%(refname)%00%(upstream:short)%00%(objectname)%00%(upstream:track)%00%(upstream:remotename)%00%(upstream:remoteref) refs/heads/master refs/remotes/master [3ms]
2024-12-04 16:03:20.484 [warning] [Git][getBranch] No such branch: master
2024-12-04 16:03:20.490 [info] > git for-each-ref --sort -committerdate --format %(refname) %(objectname) %(*objectname) [2ms]
2024-12-04 16:03:20.606 [info] > git status -z -uall [120ms]
2024-12-04 16:03:25.622 [info] > git config --get commit.template [2ms]
2024-12-04 16:03:25.626 [info] > git for-each-ref --format=%(refname)%00%(upstream:short)%00%(objectname)%00%(upstream:track)%00%(upstream:remotename)%00%(upstream:remoteref) refs/heads/master refs/remotes/master [4ms]
2024-12-04 16:03:25.626 [warning] [Git][getBranch] No such branch: master
2024-12-04 16:03:25.634 [info] > git for-each-ref --sort -committerdate --format %(refname) %(objectname) %(*objectname) [5ms]
2024-12-04 16:03:25.722 [info] > git status -z -uall [95ms]
2024-12-04 16:03:30.739 [info] > git config --get commit.template [4ms]
2024-12-04 16:03:30.741 [info] > git for-each-ref --format=%(refname)%00%(upstream:short)%00%(objectname)%00%(upstream:track)%00%(upstream:remotename)%00%(upstream:remoteref) refs/heads/master refs/remotes/master [2ms]
2024-12-04 16:03:30.741 [warning] [Git][getBranch] No such branch: master
2024-12-04 16:03:30.749 [info] > git for-each-ref --sort -committerdate --format %(refname) %(objectname) %(*objectname) [2ms]
2024-12-04 16:03:30.842 [info] > git status -z -uall [97ms]
2024-12-04 16:03:35.856 [info] > git config --get commit.template [2ms]
2024-12-04 16:03:35.858 [info] > git for-each-ref --format=%(refname)%00%(upstream:short)%00%(objectname)%00%(upstream:track)%00%(upstream:remotename)%00%(upstream:remoteref) refs/heads/master refs/remotes/master [3ms]
2024-12-04 16:03:35.858 [warning] [Git][getBranch] No such branch: master
2024-12-04 16:03:35.863 [info] > git for-each-ref --sort -committerdate --format %(refname) %(objectname) %(*objectname) [2ms]
2024-12-04 16:03:35.955 [info] > git status -z -uall [96ms]
2024-12-04 16:03:40.976 [info] > git config --get commit.template [2ms]
2024-12-04 16:03:40.978 [info] > git for-each-ref --format=%(refname)%00%(upstream:short)%00%(objectname)%00%(upstream:track)%00%(upstream:remotename)%00%(upstream:remoteref) refs/heads/master refs/remotes/master [2ms]
2024-12-04 16:03:40.978 [warning] [Git][getBranch] No such branch: master
2024-12-04 16:03:40.985 [info] > git for-each-ref --sort -committerdate --format %(refname) %(objectname) %(*objectname) [2ms]
2024-12-04 16:03:41.377 [info] > git status -z -uall [397ms]
2024-12-04 16:03:46.394 [info] > git config --get commit.template [1ms]
2024-12-04 16:03:46.396 [info] > git for-each-ref --format=%(refname)%00%(upstream:short)%00%(objectname)%00%(upstream:track)%00%(upstream:remotename)%00%(upstream:remoteref) refs/heads/master refs/remotes/master [3ms]
2024-12-04 16:03:46.396 [warning] [Git][getBranch] No such branch: master
2024-12-04 16:03:46.401 [info] > git for-each-ref --sort -committerdate --format %(refname) %(objectname) %(*objectname) [2ms]
2024-12-04 16:03:46.577 [info] > git status -z -uall [180ms]
2024-12-04 16:03:51.591 [info] > git config --get commit.template [2ms]
2024-12-04 16:03:51.593 [info] > git for-each-ref --format=%(refname)%00%(upstream:short)%00%(objectname)%00%(upstream:track)%00%(upstream:remotename)%00%(upstream:remoteref) refs/heads/master refs/remotes/master [2ms]
2024-12-04 16:03:51.593 [warning] [Git][getBranch] No such branch: master
2024-12-04 16:03:51.598 [info] > git for-each-ref --sort -committerdate --format %(refname) %(objectname) %(*objectname) [2ms]
2024-12-04 16:03:51.817 [info] > git status -z -uall [223ms]
2024-12-04 16:03:55.266 [info] > git ls-files --stage -- /teamspace/studios/this_studio/.gitignore [2ms]
2024-12-04 16:03:55.613 [info] > git show --textconv :.gitignore [2ms]
2024-12-04 16:03:56.834 [info] > git config --get commit.template [3ms]
2024-12-04 16:03:56.835 [info] > git for-each-ref --format=%(refname)%00%(upstream:short)%00%(objectname)%00%(upstream:track)%00%(upstream:remotename)%00%(upstream:remoteref) refs/heads/master refs/remotes/master [2ms]
2024-12-04 16:03:56.836 [warning] [Git][getBranch] No such branch: master
2024-12-04 16:03:56.843 [info] > git for-each-ref --sort -committerdate --format %(refname) %(objectname) %(*objectname) [3ms]
2024-12-04 16:03:57.117 [info] > git status -z -uall [280ms]
2024-12-04 16:04:02.136 [info] > git config --get commit.template [4ms]
2024-12-04 16:04:02.137 [info] > git for-each-ref --format=%(refname)%00%(upstream:short)%00%(objectname)%00%(upstream:track)%00%(upstream:remotename)%00%(upstream:remoteref) refs/heads/master refs/remotes/master [3ms]
2024-12-04 16:04:02.137 [warning] [Git][getBranch] No such branch: master
2024-12-04 16:04:02.144 [info] > git for-each-ref --sort -committerdate --format %(refname) %(objectname) %(*objectname) [3ms]
2024-12-04 16:04:02.436 [info] > git status -z -uall [297ms]
2024-12-04 16:04:07.457 [info] > git config --get commit.template [3ms]
2024-12-04 16:04:07.459 [info] > git for-each-ref --format=%(refname)%00%(upstream:short)%00%(objectname)%00%(upstream:track)%00%(upstream:remotename)%00%(upstream:remoteref) refs/heads/master refs/remotes/master [2ms]
2024-12-04 16:04:07.459 [warning] [Git][getBranch] No such branch: master
2024-12-04 16:04:07.466 [info] > git for-each-ref --sort -committerdate --format %(refname) %(objectname) %(*objectname) [4ms]
2024-12-04 16:04:07.552 [info] > git ls-files --stage -- /teamspace/studios/this_studio/.gitignore [3ms]
2024-12-04 16:04:07.674 [info] > git status -z -uall [213ms]
2024-12-04 16:04:07.902 [info] > git show --textconv :.gitignore [3ms]
2024-12-04 16:04:12.688 [info] > git config --get commit.template [2ms]
2024-12-04 16:04:12.689 [info] > git for-each-ref --format=%(refname)%00%(upstream:short)%00%(objectname)%00%(upstream:track)%00%(upstream:remotename)%00%(upstream:remoteref) refs/heads/master refs/remotes/master [2ms]
2024-12-04 16:04:12.690 [warning] [Git][getBranch] No such branch: master
2024-12-04 16:04:12.694 [info] > git for-each-ref --sort -committerdate --format %(refname) %(objectname) %(*objectname) [2ms]
2024-12-04 16:04:12.777 [info] > git status -z -uall [86ms]
2024-12-04 16:04:17.792 [info] > git config --get commit.template [3ms]
2024-12-04 16:04:17.793 [info] > git for-each-ref --format=%(refname)%00%(upstream:short)%00%(objectname)%00%(upstream:track)%00%(upstream:remotename)%00%(upstream:remoteref) refs/heads/master refs/remotes/master [2ms]
2024-12-04 16:04:17.794 [warning] [Git][getBranch] No such branch: master
2024-12-04 16:04:17.799 [info] > git for-each-ref --sort -committerdate --format %(refname) %(objectname) %(*objectname) [2ms]
2024-12-04 16:04:17.897 [info] > git status -z -uall [102ms]
2024-12-04 16:04:31.387 [info] > git config --get commit.template [3ms]
2024-12-04 16:04:31.388 [info] > git for-each-ref --format=%(refname)%00%(upstream:short)%00%(objectname)%00%(upstream:track)%00%(upstream:remotename)%00%(upstream:remoteref) refs/heads/master refs/remotes/master [2ms]
2024-12-04 16:04:31.388 [warning] [Git][getBranch] No such branch: master
2024-12-04 16:04:31.394 [info] > git for-each-ref --sort -committerdate --format %(refname) %(objectname) %(*objectname) [3ms]
2024-12-04 16:04:31.493 [info] > git status -z -uall [103ms]
2024-12-04 16:04:36.515 [info] > git config --get commit.template [3ms]
2024-12-04 16:04:36.516 [info] > git for-each-ref --format=%(refname)%00%(upstream:short)%00%(objectname)%00%(upstream:track)%00%(upstream:remotename)%00%(upstream:remoteref) refs/heads/master refs/remotes/master [2ms]
2024-12-04 16:04:36.516 [warning] [Git][getBranch] No such branch: master
2024-12-04 16:04:36.524 [info] > git for-each-ref --sort -committerdate --format %(refname) %(objectname) %(*objectname) [2ms]
2024-12-04 16:04:36.804 [info] > git status -z -uall [286ms]
2024-12-04 16:04:41.822 [info] > git config --get commit.template [4ms]
2024-12-04 16:04:41.824 [info] > git for-each-ref --format=%(refname)%00%(upstream:short)%00%(objectname)%00%(upstream:track)%00%(upstream:remotename)%00%(upstream:remoteref) refs/heads/master refs/remotes/master [4ms]
2024-12-04 16:04:41.824 [warning] [Git][getBranch] No such branch: master
2024-12-04 16:04:41.830 [info] > git for-each-ref --sort -committerdate --format %(refname) %(objectname) %(*objectname) [3ms]
2024-12-04 16:04:42.118 [info] > git status -z -uall [293ms]
2024-12-04 16:04:47.138 [info] > git config --get commit.template [4ms]
2024-12-04 16:04:47.139 [info] > git for-each-ref --format=%(refname)%00%(upstream:short)%00%(objectname)%00%(upstream:track)%00%(upstream:remotename)%00%(upstream:remoteref) refs/heads/master refs/remotes/master [2ms]
2024-12-04 16:04:47.139 [warning] [Git][getBranch] No such branch: master
2024-12-04 16:04:47.146 [info] > git for-each-ref --sort -committerdate --format %(refname) %(objectname) %(*objectname) [3ms]
2024-12-04 16:04:47.322 [info] > git status -z -uall [181ms]
2024-12-04 16:04:52.339 [info] > git config --get commit.template [2ms]
2024-12-04 16:04:52.342 [info] > git for-each-ref --format=%(refname)%00%(upstream:short)%00%(objectname)%00%(upstream:track)%00%(upstream:remotename)%00%(upstream:remoteref) refs/heads/master refs/remotes/master [3ms]
2024-12-04 16:04:52.342 [warning] [Git][getBranch] No such branch: master
2024-12-04 16:04:52.348 [info] > git for-each-ref --sort -committerdate --format %(refname) %(objectname) %(*objectname) [2ms]
2024-12-04 16:04:52.555 [info] > git status -z -uall [211ms]
2024-12-04 16:04:57.571 [info] > git config --get commit.template [3ms]
2024-12-04 16:04:57.573 [info] > git for-each-ref --format=%(refname)%00%(upstream:short)%00%(objectname)%00%(upstream:track)%00%(upstream:remotename)%00%(upstream:remoteref) refs/heads/master refs/remotes/master [3ms]
2024-12-04 16:04:57.573 [warning] [Git][getBranch] No such branch: master
2024-12-04 16:04:57.579 [info] > git for-each-ref --sort -committerdate --format %(refname) %(objectname) %(*objectname) [2ms]
2024-12-04 16:04:57.697 [info] > git status -z -uall [122ms]
2024-12-04 16:05:02.712 [info] > git config --get commit.template [3ms]
2024-12-04 16:05:02.713 [info] > git for-each-ref --format=%(refname)%00%(upstream:short)%00%(objectname)%00%(upstream:track)%00%(upstream:remotename)%00%(upstream:remoteref) refs/heads/master refs/remotes/master [2ms]
2024-12-04 16:05:02.714 [warning] [Git][getBranch] No such branch: master
2024-12-04 16:05:02.719 [info] > git for-each-ref --sort -committerdate --format %(refname) %(objectname) %(*objectname) [2ms]
2024-12-04 16:05:02.802 [info] > git status -z -uall [87ms]
2024-12-04 16:05:07.818 [info] > git config --get commit.template [3ms]
2024-12-04 16:05:07.820 [info] > git for-each-ref --format=%(refname)%00%(upstream:short)%00%(objectname)%00%(upstream:track)%00%(upstream:remotename)%00%(upstream:remoteref) refs/heads/master refs/remotes/master [2ms]
2024-12-04 16:05:07.820 [warning] [Git][getBranch] No such branch: master
2024-12-04 16:05:07.825 [info] > git for-each-ref --sort -committerdate --format %(refname) %(objectname) %(*objectname) [2ms]
2024-12-04 16:05:07.908 [info] > git status -z -uall [87ms]
2024-12-04 16:05:12.921 [info] > git config --get commit.template [2ms]
2024-12-04 16:05:12.923 [info] > git for-each-ref --format=%(refname)%00%(upstream:short)%00%(objectname)%00%(upstream:track)%00%(upstream:remotename)%00%(upstream:remoteref) refs/heads/master refs/remotes/master [2ms]
2024-12-04 16:05:12.923 [warning] [Git][getBranch] No such branch: master
2024-12-04 16:05:12.929 [info] > git for-each-ref --sort -committerdate --format %(refname) %(objectname) %(*objectname) [3ms]
2024-12-04 16:05:13.019 [info] > git status -z -uall [95ms]
2024-12-04 16:05:18.035 [info] > git config --get commit.template [3ms]
2024-12-04 16:05:18.037 [info] > git for-each-ref --format=%(refname)%00%(upstream:short)%00%(objectname)%00%(upstream:track)%00%(upstream:remotename)%00%(upstream:remoteref) refs/heads/master refs/remotes/master [3ms]
2024-12-04 16:05:18.037 [warning] [Git][getBranch] No such branch: master
2024-12-04 16:05:18.043 [info] > git for-each-ref --sort -committerdate --format %(refname) %(objectname) %(*objectname) [2ms]
2024-12-04 16:05:18.186 [info] > git status -z -uall [147ms]
2024-12-04 16:05:23.200 [info] > git config --get commit.template [2ms]
2024-12-04 16:05:23.202 [info] > git for-each-ref --format=%(refname)%00%(upstream:short)%00%(objectname)%00%(upstream:track)%00%(upstream:remotename)%00%(upstream:remoteref) refs/heads/master refs/remotes/master [2ms]
2024-12-04 16:05:23.202 [warning] [Git][getBranch] No such branch: master
2024-12-04 16:05:23.207 [info] > git for-each-ref --sort -committerdate --format %(refname) %(objectname) %(*objectname) [2ms]
2024-12-04 16:05:23.298 [info] > git status -z -uall [95ms]
2024-12-04 16:05:27.336 [info] > git ls-files --stage -- /teamspace/studios/this_studio/.gitignore [2ms]
2024-12-04 16:05:27.651 [info] > git show --textconv :.gitignore [2ms]
2024-12-04 16:05:28.312 [info] > git config --get commit.template [2ms]
2024-12-04 16:05:28.315 [info] > git for-each-ref --format=%(refname)%00%(upstream:short)%00%(objectname)%00%(upstream:track)%00%(upstream:remotename)%00%(upstream:remoteref) refs/heads/master refs/remotes/master [2ms]
2024-12-04 16:05:28.322 [info] > git for-each-ref --sort -committerdate --format %(refname) %(objectname) %(*objectname) [3ms]
2024-12-04 16:05:28.440 [info] > git status -z -uall [122ms]
2024-12-04 16:05:33.455 [info] > git config --get commit.template [2ms]
2024-12-04 16:05:33.456 [info] > git for-each-ref --format=%(refname)%00%(upstream:short)%00%(objectname)%00%(upstream:track)%00%(upstream:remotename)%00%(upstream:remoteref) refs/heads/master refs/remotes/master [2ms]
2024-12-04 16:05:33.461 [info] > git for-each-ref --sort -committerdate --format %(refname) %(objectname) %(*objectname) [1ms]
2024-12-04 16:05:33.561 [info] > git status -z -uall [103ms]
2024-12-04 16:05:38.541 [info] > git ls-files --stage -- /teamspace/studios/this_studio/.gitignore [3ms]
2024-12-04 16:05:38.855 [info] > git show --textconv :.gitignore [3ms]
2024-12-04 16:05:39.396 [info] > git config --get commit.template [2ms]
2024-12-04 16:05:39.398 [info] > git for-each-ref --format=%(refname)%00%(upstream:short)%00%(objectname)%00%(upstream:track)%00%(upstream:remotename)%00%(upstream:remoteref) refs/heads/master refs/remotes/master [2ms]
2024-12-04 16:05:39.403 [info] > git for-each-ref --sort -committerdate --format %(refname) %(objectname) %(*objectname) [2ms]
2024-12-04 16:05:39.512 [info] > git status -z -uall [112ms]
2024-12-04 16:05:44.527 [info] > git config --get commit.template [2ms]
2024-12-04 16:05:44.529 [info] > git for-each-ref --format=%(refname)%00%(upstream:short)%00%(objectname)%00%(upstream:track)%00%(upstream:remotename)%00%(upstream:remoteref) refs/heads/master refs/remotes/master [2ms]
2024-12-04 16:05:44.534 [info] > git for-each-ref --sort -committerdate --format %(refname) %(objectname) %(*objectname) [2ms]
2024-12-04 16:05:44.621 [info] > git status -z -uall [91ms]
2024-12-04 16:05:50.392 [info] > git config --get commit.template [2ms]
2024-12-04 16:05:50.394 [info] > git for-each-ref --format=%(refname)%00%(upstream:short)%00%(objectname)%00%(upstream:track)%00%(upstream:remotename)%00%(upstream:remoteref) refs/heads/master refs/remotes/master [3ms]
2024-12-04 16:05:50.399 [info] > git for-each-ref --sort -committerdate --format %(refname) %(objectname) %(*objectname) [2ms]
2024-12-04 16:05:50.502 [info] > git status -z -uall [107ms]
2024-12-04 16:05:52.362 [info] > git ls-files --stage -- /teamspace/studios/this_studio/.gitignore [5ms]
2024-12-04 16:05:52.676 [info] > git show --textconv :.gitignore [2ms]
2024-12-04 16:05:55.516 [info] > git config --get commit.template [2ms]
2024-12-04 16:05:55.517 [info] > git for-each-ref --format=%(refname)%00%(upstream:short)%00%(objectname)%00%(upstream:track)%00%(upstream:remotename)%00%(upstream:remoteref) refs/heads/master refs/remotes/master [2ms]
2024-12-04 16:05:55.523 [info] > git for-each-ref --sort -committerdate --format %(refname) %(objectname) %(*objectname) [2ms]
2024-12-04 16:05:55.624 [info] > git status -z -uall [105ms]
2024-12-04 16:06:00.638 [info] > git config --get commit.template [2ms]
2024-12-04 16:06:00.640 [info] > git for-each-ref --format=%(refname)%00%(upstream:short)%00%(objectname)%00%(upstream:track)%00%(upstream:remotename)%00%(upstream:remoteref) refs/heads/master refs/remotes/master [2ms]
2024-12-04 16:06:00.648 [info] > git for-each-ref --sort -committerdate --format %(refname) %(objectname) %(*objectname) [5ms]
2024-12-04 16:06:00.762 [info] > git status -z -uall [120ms]
2024-12-04 16:06:04.073 [info] > git ls-files --stage -- /teamspace/studios/this_studio/.gitignore [2ms]
2024-12-04 16:06:04.388 [info] > git show --textconv :.gitignore [3ms]
2024-12-04 16:06:05.777 [info] > git config --get commit.template [3ms]
2024-12-04 16:06:05.778 [info] > git for-each-ref --format=%(refname)%00%(upstream:short)%00%(objectname)%00%(upstream:track)%00%(upstream:remotename)%00%(upstream:remoteref) refs/heads/master refs/remotes/master [2ms]
2024-12-04 16:06:05.784 [info] > git for-each-ref --sort -committerdate --format %(refname) %(objectname) %(*objectname) [2ms]
2024-12-04 16:06:05.886 [info] > git status -z -uall [106ms]
2024-12-04 16:06:10.900 [info] > git config --get commit.template [2ms]
2024-12-04 16:06:10.903 [info] > git for-each-ref --format=%(refname)%00%(upstream:short)%00%(objectname)%00%(upstream:track)%00%(upstream:remotename)%00%(upstream:remoteref) refs/heads/master refs/remotes/master [4ms]
2024-12-04 16:06:10.913 [info] > git for-each-ref --sort -committerdate --format %(refname) %(objectname) %(*objectname) [1ms]
2024-12-04 16:06:11.204 [info] > git status -z -uall [299ms]
2024-12-04 16:06:16.222 [info] > git config --get commit.template [2ms]
2024-12-04 16:06:16.224 [info] > git for-each-ref --format=%(refname)%00%(upstream:short)%00%(objectname)%00%(upstream:track)%00%(upstream:remotename)%00%(upstream:remoteref) refs/heads/master refs/remotes/master [2ms]
2024-12-04 16:06:16.233 [info] > git for-each-ref --sort -committerdate --format %(refname) %(objectname) %(*objectname) [5ms]
2024-12-04 16:06:16.606 [info] > git status -z -uall [380ms]
2024-12-04 16:06:21.626 [info] > git config --get commit.template [4ms]
2024-12-04 16:06:21.626 [info] > git for-each-ref --format=%(refname)%00%(upstream:short)%00%(objectname)%00%(upstream:track)%00%(upstream:remotename)%00%(upstream:remoteref) refs/heads/master refs/remotes/master [3ms]
2024-12-04 16:06:21.633 [info] > git for-each-ref --sort -committerdate --format %(refname) %(objectname) %(*objectname) [3ms]
2024-12-04 16:06:22.025 [info] > git status -z -uall [396ms]
2024-12-04 16:06:27.046 [info] > git config --get commit.template [5ms]
2024-12-04 16:06:27.047 [info] > git for-each-ref --format=%(refname)%00%(upstream:short)%00%(objectname)%00%(upstream:track)%00%(upstream:remotename)%00%(upstream:remoteref) refs/heads/master refs/remotes/master [4ms]
2024-12-04 16:06:27.054 [info] > git for-each-ref --sort -committerdate --format %(refname) %(objectname) %(*objectname) [3ms]
2024-12-04 16:06:27.429 [info] > git status -z -uall [380ms]
2024-12-04 16:06:31.506 [info] > git ls-files --stage -- /teamspace/studios/this_studio/.gitignore [3ms]
2024-12-04 16:06:31.859 [info] > git show --textconv :.gitignore [2ms]
2024-12-04 16:06:32.445 [info] > git config --get commit.template [2ms]
2024-12-04 16:06:32.448 [info] > git for-each-ref --format=%(refname)%00%(upstream:short)%00%(objectname)%00%(upstream:track)%00%(upstream:remotename)%00%(upstream:remoteref) refs/heads/master refs/remotes/master [3ms]
2024-12-04 16:06:32.454 [info] > git for-each-ref --sort -committerdate --format %(refname) %(objectname) %(*objectname) [3ms]
2024-12-04 16:06:32.637 [info] > git status -z -uall [188ms]
2024-12-04 16:06:37.660 [info] > git config --get commit.template [7ms]
2024-12-04 16:06:37.661 [info] > git for-each-ref --format=%(refname)%00%(upstream:short)%00%(objectname)%00%(upstream:track)%00%(upstream:remotename)%00%(upstream:remoteref) refs/heads/master refs/remotes/master [2ms]
2024-12-04 16:06:37.669 [info] > git for-each-ref --sort -committerdate --format %(refname) %(objectname) %(*objectname) [3ms]
2024-12-04 16:06:37.807 [info] > git status -z -uall [144ms]
