2024-11-21 14:07:04.465 [info] [main] Log level: Info
2024-11-21 14:07:04.465 [info] [main] Validating found git in: "git"
2024-11-21 14:07:04.465 [info] [main] Using git "2.42.0" from "git"
2024-11-21 14:07:04.465 [info] [Model][doInitialScan] Initial repository scan started
2024-11-21 14:07:04.465 [info] > git rev-parse --show-toplevel [35ms]
2024-11-21 14:07:04.465 [info] fatal: not a git repository (or any parent up to mount point /teamspace/studios)
Stopping at filesystem boundary (GIT_DISCOVERY_ACROSS_FILESYSTEM not set).
2024-11-21 14:07:04.465 [info] > git rev-parse --show-toplevel [2ms]
2024-11-21 14:07:04.465 [info] fatal: not a git repository (or any parent up to mount point /teamspace/studios)
Stopping at filesystem boundary (GIT_DISCOVERY_ACROSS_FILESYSTEM not set).
2024-11-21 14:07:04.465 [info] > git rev-parse --show-toplevel [2ms]
2024-11-21 14:07:04.465 [info] fatal: not a git repository (or any parent up to mount point /teamspace/studios)
Stopping at filesystem boundary (GIT_DISCOVERY_ACROSS_FILESYSTEM not set).
2024-11-21 14:07:04.465 [info] > git rev-parse --show-toplevel [2ms]
2024-11-21 14:07:04.465 [info] fatal: not a git repository (or any parent up to mount point /teamspace/studios)
Stopping at filesystem boundary (GIT_DISCOVERY_ACROSS_FILESYSTEM not set).
2024-11-21 14:07:04.465 [info] > git rev-parse --show-toplevel [2ms]
2024-11-21 14:07:04.465 [info] fatal: not a git repository (or any parent up to mount point /teamspace/studios)
Stopping at filesystem boundary (GIT_DISCOVERY_ACROSS_FILESYSTEM not set).
2024-11-21 14:07:04.465 [info] > git rev-parse --show-toplevel [3ms]
2024-11-21 14:07:04.465 [info] fatal: not a git repository (or any parent up to mount point /teamspace/studios)
Stopping at filesystem boundary (GIT_DISCOVERY_ACROSS_FILESYSTEM not set).
2024-11-21 14:07:04.465 [info] > git rev-parse --show-toplevel [4ms]
2024-11-21 14:07:04.465 [info] fatal: not a git repository (or any parent up to mount point /teamspace/studios)
Stopping at filesystem boundary (GIT_DISCOVERY_ACROSS_FILESYSTEM not set).
2024-11-21 14:07:04.465 [info] > git rev-parse --show-toplevel [2ms]
2024-11-21 14:07:04.465 [info] fatal: not a git repository (or any parent up to mount point /teamspace/studios)
Stopping at filesystem boundary (GIT_DISCOVERY_ACROSS_FILESYSTEM not set).
2024-11-21 14:07:04.465 [info] > git rev-parse --show-toplevel [3ms]
2024-11-21 14:07:04.465 [info] fatal: not a git repository (or any parent up to mount point /teamspace/studios)
Stopping at filesystem boundary (GIT_DISCOVERY_ACROSS_FILESYSTEM not set).
2024-11-21 14:07:04.465 [info] > git rev-parse --show-toplevel [4ms]
2024-11-21 14:07:04.465 [info] fatal: not a git repository (or any parent up to mount point /teamspace/studios)
Stopping at filesystem boundary (GIT_DISCOVERY_ACROSS_FILESYSTEM not set).
2024-11-21 14:07:04.465 [info] > git rev-parse --show-toplevel [3ms]
2024-11-21 14:07:04.465 [info] fatal: not a git repository (or any parent up to mount point /teamspace/studios)
Stopping at filesystem boundary (GIT_DISCOVERY_ACROSS_FILESYSTEM not set).
2024-11-21 14:07:04.465 [info] > git rev-parse --show-toplevel [13ms]
2024-11-21 14:07:04.465 [info] fatal: not a git repository (or any parent up to mount point /teamspace/studios)
Stopping at filesystem boundary (GIT_DISCOVERY_ACROSS_FILESYSTEM not set).
2024-11-21 14:07:04.465 [info] > git rev-parse --show-toplevel [5ms]
2024-11-21 14:07:04.465 [info] fatal: not a git repository (or any parent up to mount point /teamspace/studios)
Stopping at filesystem boundary (GIT_DISCOVERY_ACROSS_FILESYSTEM not set).
2024-11-21 14:07:04.465 [info] [Model][doInitialScan] Initial repository scan completed - repositories (0), closed repositories (0), parent repositories (0), unsafe repositories (0)
2024-11-21 14:09:21.574 [info] > git rev-parse --show-toplevel [3ms]
2024-11-21 14:09:21.575 [info] fatal: not a git repository (or any parent up to mount point /teamspace/studios)
Stopping at filesystem boundary (GIT_DISCOVERY_ACROSS_FILESYSTEM not set).
