2024-11-26 17:32:20.846 [info] [main] Log level: Info
2024-11-26 17:32:20.846 [info] [main] Validating found git in: "git"
2024-11-26 17:32:20.846 [info] [main] Using git "2.42.0" from "git"
2024-11-26 17:32:20.846 [info] [Model][doInitialScan] Initial repository scan started
2024-11-26 17:32:20.846 [info] > git rev-parse --show-toplevel [2ms]
2024-11-26 17:32:20.846 [info] fatal: not a git repository (or any parent up to mount point /teamspace/studios)
Stopping at filesystem boundary (GIT_DISCOVERY_ACROSS_FILESYSTEM not set).
2024-11-26 17:32:20.846 [info] > git rev-parse --show-toplevel [2ms]
2024-11-26 17:32:20.846 [info] fatal: not a git repository (or any parent up to mount point /teamspace/studios)
Stopping at filesystem boundary (GIT_DISCOVERY_ACROSS_FILESYSTEM not set).
2024-11-26 17:32:20.846 [info] > git rev-parse --show-toplevel [3ms]
2024-11-26 17:32:20.846 [info] fatal: not a git repository (or any parent up to mount point /teamspace/studios)
Stopping at filesystem boundary (GIT_DISCOVERY_ACROSS_FILESYSTEM not set).
2024-11-26 17:32:20.846 [info] > git rev-parse --show-toplevel [1ms]
2024-11-26 17:32:20.846 [info] fatal: not a git repository (or any parent up to mount point /teamspace/studios)
Stopping at filesystem boundary (GIT_DISCOVERY_ACROSS_FILESYSTEM not set).
2024-11-26 17:32:20.846 [info] > git rev-parse --show-toplevel [4ms]
2024-11-26 17:32:20.846 [info] fatal: not a git repository (or any parent up to mount point /teamspace/studios)
Stopping at filesystem boundary (GIT_DISCOVERY_ACROSS_FILESYSTEM not set).
2024-11-26 17:32:20.846 [info] > git rev-parse --show-toplevel [2ms]
2024-11-26 17:32:20.846 [info] fatal: not a git repository (or any parent up to mount point /teamspace/studios)
Stopping at filesystem boundary (GIT_DISCOVERY_ACROSS_FILESYSTEM not set).
2024-11-26 17:32:20.846 [info] > git rev-parse --show-toplevel [4ms]
2024-11-26 17:32:20.846 [info] fatal: not a git repository (or any parent up to mount point /teamspace/studios)
Stopping at filesystem boundary (GIT_DISCOVERY_ACROSS_FILESYSTEM not set).
2024-11-26 17:32:20.846 [info] > git rev-parse --show-toplevel [3ms]
2024-11-26 17:32:20.846 [info] fatal: not a git repository (or any parent up to mount point /teamspace/studios)
Stopping at filesystem boundary (GIT_DISCOVERY_ACROSS_FILESYSTEM not set).
2024-11-26 17:32:20.846 [info] > git rev-parse --show-toplevel [3ms]
2024-11-26 17:32:20.846 [info] fatal: not a git repository (or any parent up to mount point /teamspace/studios)
Stopping at filesystem boundary (GIT_DISCOVERY_ACROSS_FILESYSTEM not set).
2024-11-26 17:32:20.846 [info] > git rev-parse --show-toplevel [4ms]
2024-11-26 17:32:20.846 [info] fatal: not a git repository (or any parent up to mount point /teamspace/studios)
Stopping at filesystem boundary (GIT_DISCOVERY_ACROSS_FILESYSTEM not set).
2024-11-26 17:32:20.846 [info] > git rev-parse --show-toplevel [3ms]
2024-11-26 17:32:20.846 [info] fatal: not a git repository (or any parent up to mount point /teamspace/studios)
Stopping at filesystem boundary (GIT_DISCOVERY_ACROSS_FILESYSTEM not set).
2024-11-26 17:32:20.846 [info] > git rev-parse --show-toplevel [3ms]
2024-11-26 17:32:20.846 [info] fatal: not a git repository (or any parent up to mount point /teamspace/studios)
Stopping at filesystem boundary (GIT_DISCOVERY_ACROSS_FILESYSTEM not set).
2024-11-26 17:32:20.846 [info] > git rev-parse --show-toplevel [3ms]
2024-11-26 17:32:20.846 [info] fatal: not a git repository (or any parent up to mount point /teamspace/studios)
Stopping at filesystem boundary (GIT_DISCOVERY_ACROSS_FILESYSTEM not set).
2024-11-26 17:32:20.846 [info] [Model][doInitialScan] Initial repository scan completed - repositories (0), closed repositories (0), parent repositories (0), unsafe repositories (0)
2024-11-26 17:32:47.510 [info] > git rev-parse --show-toplevel [2ms]
2024-11-26 17:32:47.516 [info] fatal: not a git repository (or any parent up to mount point /teamspace/studios)
Stopping at filesystem boundary (GIT_DISCOVERY_ACROSS_FILESYSTEM not set).
2024-11-26 17:32:52.721 [info] > git rev-parse --show-toplevel [3ms]
2024-11-26 17:32:52.722 [info] fatal: not a git repository (or any parent up to mount point /teamspace/studios)
Stopping at filesystem boundary (GIT_DISCOVERY_ACROSS_FILESYSTEM not set).
2024-11-26 17:32:56.078 [info] > git rev-parse --show-toplevel [3ms]
2024-11-26 17:32:56.079 [info] fatal: not a git repository (or any parent up to mount point /teamspace/studios)
Stopping at filesystem boundary (GIT_DISCOVERY_ACROSS_FILESYSTEM not set).
2024-11-26 17:33:03.724 [info] > git rev-parse --show-toplevel [2ms]
2024-11-26 17:33:03.725 [info] fatal: not a git repository (or any parent up to mount point /teamspace/studios)
Stopping at filesystem boundary (GIT_DISCOVERY_ACROSS_FILESYSTEM not set).
2024-11-26 17:33:12.715 [info] > git rev-parse --show-toplevel [2ms]
2024-11-26 17:33:12.715 [info] fatal: not a git repository (or any parent up to mount point /teamspace/studios)
Stopping at filesystem boundary (GIT_DISCOVERY_ACROSS_FILESYSTEM not set).
2024-11-26 17:33:18.505 [info] > git rev-parse --show-toplevel [2ms]
2024-11-26 17:33:18.505 [info] fatal: not a git repository (or any parent up to mount point /teamspace/studios)
Stopping at filesystem boundary (GIT_DISCOVERY_ACROSS_FILESYSTEM not set).
2024-11-26 17:33:38.138 [info] > git rev-parse --show-toplevel [8ms]
2024-11-26 17:33:38.139 [info] fatal: not a git repository (or any parent up to mount point /teamspace/studios)
Stopping at filesystem boundary (GIT_DISCOVERY_ACROSS_FILESYSTEM not set).
2024-11-26 17:33:42.692 [info] > git rev-parse --show-toplevel [2ms]
2024-11-26 17:33:42.693 [info] fatal: not a git repository (or any parent up to mount point /teamspace/studios)
Stopping at filesystem boundary (GIT_DISCOVERY_ACROSS_FILESYSTEM not set).
2024-11-26 17:33:48.561 [info] > git rev-parse --show-toplevel [1ms]
2024-11-26 17:33:48.562 [info] fatal: not a git repository (or any parent up to mount point /teamspace/studios)
Stopping at filesystem boundary (GIT_DISCOVERY_ACROSS_FILESYSTEM not set).
2024-11-26 17:37:18.161 [info] > git rev-parse --show-toplevel [2ms]
2024-11-26 17:37:18.163 [info] fatal: not a git repository (or any parent up to mount point /teamspace/studios)
Stopping at filesystem boundary (GIT_DISCOVERY_ACROSS_FILESYSTEM not set).
2024-11-26 17:38:26.587 [info] > git rev-parse --show-toplevel [3ms]
2024-11-26 17:38:26.588 [info] fatal: not a git repository (or any parent up to mount point /teamspace/studios)
Stopping at filesystem boundary (GIT_DISCOVERY_ACROSS_FILESYSTEM not set).
2024-11-26 17:53:48.818 [info] > git rev-parse --show-toplevel [2ms]
2024-11-26 17:53:48.819 [info] fatal: not a git repository (or any parent up to mount point /teamspace/studios)
Stopping at filesystem boundary (GIT_DISCOVERY_ACROSS_FILESYSTEM not set).
