2024-11-21 10:02:12.845 [info] [main] Log level: Info
2024-11-21 10:02:12.846 [info] [main] Validating found git in: "git"
2024-11-21 10:02:12.846 [info] [main] Using git "2.42.0" from "git"
2024-11-21 10:02:12.846 [info] [Model][doInitialScan] Initial repository scan started
2024-11-21 10:02:12.846 [info] > git rev-parse --show-toplevel [44ms]
2024-11-21 10:02:12.846 [info] fatal: not a git repository (or any parent up to mount point /teamspace/studios)
Stopping at filesystem boundary (GIT_DISCOVERY_ACROSS_FILESYSTEM not set).
2024-11-21 10:02:12.846 [info] > git rev-parse --show-toplevel [3ms]
2024-11-21 10:02:12.846 [info] fatal: not a git repository (or any parent up to mount point /teamspace/studios)
Stopping at filesystem boundary (GIT_DISCOVERY_ACROSS_FILESYSTEM not set).
2024-11-21 10:02:12.846 [info] > git rev-parse --show-toplevel [5ms]
2024-11-21 10:02:12.846 [info] fatal: not a git repository (or any parent up to mount point /teamspace/studios)
Stopping at filesystem boundary (GIT_DISCOVERY_ACROSS_FILESYSTEM not set).
2024-11-21 10:02:12.846 [info] > git rev-parse --show-toplevel [3ms]
2024-11-21 10:02:12.846 [info] fatal: not a git repository (or any parent up to mount point /teamspace/studios)
Stopping at filesystem boundary (GIT_DISCOVERY_ACROSS_FILESYSTEM not set).
2024-11-21 10:02:12.846 [info] > git rev-parse --show-toplevel [2ms]
2024-11-21 10:02:12.846 [info] fatal: not a git repository (or any parent up to mount point /teamspace/studios)
Stopping at filesystem boundary (GIT_DISCOVERY_ACROSS_FILESYSTEM not set).
2024-11-21 10:02:12.846 [info] > git rev-parse --show-toplevel [3ms]
2024-11-21 10:02:12.846 [info] fatal: not a git repository (or any parent up to mount point /teamspace/studios)
Stopping at filesystem boundary (GIT_DISCOVERY_ACROSS_FILESYSTEM not set).
2024-11-21 10:02:12.846 [info] > git rev-parse --show-toplevel [3ms]
2024-11-21 10:02:12.846 [info] fatal: not a git repository (or any parent up to mount point /teamspace/studios)
Stopping at filesystem boundary (GIT_DISCOVERY_ACROSS_FILESYSTEM not set).
2024-11-21 10:02:12.846 [info] > git rev-parse --show-toplevel [3ms]
2024-11-21 10:02:12.846 [info] fatal: not a git repository (or any parent up to mount point /teamspace/studios)
Stopping at filesystem boundary (GIT_DISCOVERY_ACROSS_FILESYSTEM not set).
2024-11-21 10:02:12.846 [info] > git rev-parse --show-toplevel [4ms]
2024-11-21 10:02:12.846 [info] fatal: not a git repository (or any parent up to mount point /teamspace/studios)
Stopping at filesystem boundary (GIT_DISCOVERY_ACROSS_FILESYSTEM not set).
2024-11-21 10:02:12.846 [info] > git rev-parse --show-toplevel [3ms]
2024-11-21 10:02:12.846 [info] fatal: not a git repository (or any parent up to mount point /teamspace/studios)
Stopping at filesystem boundary (GIT_DISCOVERY_ACROSS_FILESYSTEM not set).
2024-11-21 10:02:12.846 [info] > git rev-parse --show-toplevel [3ms]
2024-11-21 10:02:12.846 [info] fatal: not a git repository (or any parent up to mount point /teamspace/studios)
Stopping at filesystem boundary (GIT_DISCOVERY_ACROSS_FILESYSTEM not set).
2024-11-21 10:02:12.846 [info] > git rev-parse --show-toplevel [3ms]
2024-11-21 10:02:12.846 [info] fatal: not a git repository (or any parent up to mount point /teamspace/studios)
Stopping at filesystem boundary (GIT_DISCOVERY_ACROSS_FILESYSTEM not set).
2024-11-21 10:02:12.846 [info] [Model][doInitialScan] Initial repository scan completed - repositories (0), closed repositories (0), parent repositories (0), unsafe repositories (0)
2024-11-21 10:02:18.772 [info] > git rev-parse --show-toplevel [2ms]
2024-11-21 10:02:18.773 [info] fatal: not a git repository (or any parent up to mount point /teamspace/studios)
Stopping at filesystem boundary (GIT_DISCOVERY_ACROSS_FILESYSTEM not set).
2024-11-21 12:48:23.404 [info] > git rev-parse --show-toplevel [3ms]
2024-11-21 12:48:23.405 [info] fatal: not a git repository (or any parent up to mount point /teamspace/studios)
Stopping at filesystem boundary (GIT_DISCOVERY_ACROSS_FILESYSTEM not set).
