2024-12-17 20:29:50.724 [info] Experiment 'pythonRecommendTensorboardExt' is active
2024-12-17 20:29:50.724 [info] Experiment 'pythonTerminalEnvVarActivation' is active
2024-12-17 20:29:50.724 [info] Experiment 'pythonTestAdapter' is active
2024-12-17 20:29:50.724 [info] Native locator: Refresh started
2024-12-17 20:29:50.724 [info] Poetry environment manager found at: /commands/poetry
2024-12-17 20:29:50.724 [info] Conda environment manager found at: /home/zeus/miniconda3/bin/conda
2024-12-17 20:29:50.724 [info] Native locator: Refresh finished in 233 ms
2024-12-17 20:29:50.726 [info] Python interpreter path: /home/zeus/miniconda3/envs/cloudspace/bin/python
2024-12-17 20:29:51.378 [info] > pyenv which python
2024-12-17 20:29:51.378 [info] cwd: .
2024-12-17 20:29:52.729 [warning] Shell integration may not be active, environment activated may be overridden by the shell.
2024-12-17 20:29:54.613 [info] Starting Pylance language server.
2024-12-17 20:29:56.599 [info] > /home/zeus/miniconda3/bin/conda info --json
2024-12-17 20:33:35.815 [info] Running installed packages checker:  {
  id: '/home/zeus/miniconda3/envs/cloudspace/bin/python',
  sysPrefix: '/home/zeus/miniconda3/envs/cloudspace',
  envType: 'Conda',
  envName: 'cloudspace',
  envPath: '/home/zeus/miniconda3/envs/cloudspace',
  path: '/home/zeus/miniconda3/envs/cloudspace/bin/python',
  architecture: 3,
  sysVersion: '',
  version: {
    raw: '3.10.10',
    major: 3,
    minor: 10,
    patch: 10,
    build: [],
    prerelease: []
  },
  displayName: "Python 3.10.10 ('cloudspace')",
  detailedDisplayName: "Python 3.10.10 ('cloudspace')",
  type: 'Conda'
} /teamspace/studios/this_studio/.vscode-server/extensions/ms-python.python-2024.22.0-linux-x64/python_files/installed_check.py /teamspace/studios/this_studio/requirements.txt
2024-12-17 20:33:35.816 [info] > /home/zeus/miniconda3/envs/cloudspace/bin/python ./.vscode-server/extensions/ms-python.python-2024.22.0-linux-x64/python_files/installed_check.py ./requirements.txt
