2024-12-26 04:55:12.730 [info] Starting Python Locator /teamspace/studios/this_studio/.vscode-server/extensions/ms-python.python-2024.22.1-linux-x64/python-env-tools/bin/pet server
2024-12-26 04:55:12.730 [info] Discovered manager: (Poetry) /commands/poetry
2024-12-26 04:55:12.730 [info] Discovered manager: (Conda) /home/zeus/miniconda3/bin/conda
2024-12-26 04:55:12.730 [info] Discovered env: /usr/bin/python3
2024-12-26 04:55:12.730 [info] Discovered env: /home/zeus/miniconda3/envs/cloudspace/bin/python
2024-12-26 04:55:12.730 [info] Discovered env: /bin/python3
2024-12-26 04:55:12.730 [info] Locator Conda took 77.033266ms
2024-12-26 04:55:12.731 [info] Locator Homebrew took 170.516µs
2024-12-26 04:55:12.731 [info] Locator LinuxGlobal took 70.693676ms
2024-12-26 04:55:12.731 [info] Locator PipEnv took 13.193µs
2024-12-26 04:55:12.731 [info] Locator Poetry took 5.886291ms
2024-12-26 04:55:12.731 [info] Locator PyEnv took 25.216681ms
2024-12-26 04:55:12.731 [info] Locator Venv took 299.17µs
2024-12-26 04:55:12.731 [info] Locator VirtualEnv took 13.143µs
2024-12-26 04:55:12.731 [info] Locator VirtualEnvWrapper took 85.598µs
2024-12-26 04:55:12.731 [info] Locator GlobalVirtualEnvs took 8.813021ms
2024-12-26 04:55:12.731 [info] Locator Locators took 77.681239ms
2024-12-26 04:55:12.731 [info] Locator Path took 149.526936ms
2024-12-26 04:55:12.731 [info] Locator Workspaces took 56.174805ms
2024-12-26 04:55:12.731 [info] Refresh completed in 149ms
2024-12-26 04:55:13.124 [info] Resolved Python Environment /home/zeus/miniconda3/envs/cloudspace/bin/python
