2024-10-28 13:34:12.440 [info] [main] Log level: Info
2024-10-28 13:34:12.440 [info] [main] Validating found git in: "git"
2024-10-28 13:34:12.440 [info] [main] Using git "2.42.0" from "git"
2024-10-28 13:34:12.440 [info] [Model][doInitialScan] Initial repository scan started
2024-10-28 13:34:12.440 [info] > git rev-parse --show-toplevel [2ms]
2024-10-28 13:34:12.440 [info] fatal: not a git repository (or any parent up to mount point /teamspace/studios)
Stopping at filesystem boundary (GIT_DISCOVERY_ACROSS_FILESYSTEM not set).
2024-10-28 13:34:12.440 [info] > git rev-parse --show-toplevel [2ms]
2024-10-28 13:34:12.440 [info] fatal: not a git repository (or any parent up to mount point /teamspace/studios)
Stopping at filesystem boundary (GIT_DISCOVERY_ACROSS_FILESYSTEM not set).
2024-10-28 13:34:12.440 [info] > git rev-parse --show-toplevel [1ms]
2024-10-28 13:34:12.440 [info] fatal: not a git repository (or any parent up to mount point /teamspace/studios)
Stopping at filesystem boundary (GIT_DISCOVERY_ACROSS_FILESYSTEM not set).
2024-10-28 13:34:12.440 [info] > git rev-parse --show-toplevel [1ms]
2024-10-28 13:34:12.440 [info] fatal: not a git repository (or any parent up to mount point /teamspace/studios)
Stopping at filesystem boundary (GIT_DISCOVERY_ACROSS_FILESYSTEM not set).
2024-10-28 13:34:12.440 [info] > git rev-parse --show-toplevel [2ms]
2024-10-28 13:34:12.440 [info] fatal: not a git repository (or any parent up to mount point /teamspace/studios)
Stopping at filesystem boundary (GIT_DISCOVERY_ACROSS_FILESYSTEM not set).
2024-10-28 13:34:12.440 [info] > git rev-parse --show-toplevel [2ms]
2024-10-28 13:34:12.440 [info] fatal: not a git repository (or any parent up to mount point /teamspace/studios)
Stopping at filesystem boundary (GIT_DISCOVERY_ACROSS_FILESYSTEM not set).
2024-10-28 13:34:12.440 [info] > git rev-parse --show-toplevel [2ms]
2024-10-28 13:34:12.440 [info] fatal: not a git repository (or any parent up to mount point /teamspace/studios)
Stopping at filesystem boundary (GIT_DISCOVERY_ACROSS_FILESYSTEM not set).
2024-10-28 13:34:12.440 [info] > git rev-parse --show-toplevel [2ms]
2024-10-28 13:34:12.440 [info] fatal: not a git repository (or any parent up to mount point /teamspace/studios)
Stopping at filesystem boundary (GIT_DISCOVERY_ACROSS_FILESYSTEM not set).
2024-10-28 13:34:12.440 [info] [Model][doInitialScan] Initial repository scan completed - repositories (0), closed repositories (0), parent repositories (0), unsafe repositories (0)
2024-10-28 13:58:57.336 [info] > git rev-parse --show-toplevel [2ms]
2024-10-28 13:58:57.337 [info] fatal: not a git repository (or any parent up to mount point /teamspace/studios)
Stopping at filesystem boundary (GIT_DISCOVERY_ACROSS_FILESYSTEM not set).
2024-10-28 13:59:16.362 [info] > git rev-parse --show-toplevel [1ms]
2024-10-28 13:59:16.362 [info] fatal: not a git repository (or any parent up to mount point /teamspace/studios)
Stopping at filesystem boundary (GIT_DISCOVERY_ACROSS_FILESYSTEM not set).
2024-10-28 13:59:27.580 [info] > git rev-parse --show-toplevel [2ms]
2024-10-28 13:59:27.580 [info] fatal: not a git repository (or any parent up to mount point /teamspace/studios)
Stopping at filesystem boundary (GIT_DISCOVERY_ACROSS_FILESYSTEM not set).
2024-10-28 14:03:11.590 [info] > git rev-parse --show-toplevel [2ms]
2024-10-28 14:03:11.590 [info] fatal: not a git repository (or any parent up to mount point /teamspace/studios)
Stopping at filesystem boundary (GIT_DISCOVERY_ACROSS_FILESYSTEM not set).
2024-10-28 14:03:13.760 [info] > git rev-parse --show-toplevel [2ms]
2024-10-28 14:03:13.761 [info] fatal: not a git repository (or any parent up to mount point /teamspace/studios)
Stopping at filesystem boundary (GIT_DISCOVERY_ACROSS_FILESYSTEM not set).
2024-10-28 14:03:15.589 [info] > git rev-parse --show-toplevel [2ms]
2024-10-28 14:03:15.590 [info] fatal: not a git repository (or any parent up to mount point /teamspace/studios)
Stopping at filesystem boundary (GIT_DISCOVERY_ACROSS_FILESYSTEM not set).
2024-10-28 14:03:18.500 [info] > git rev-parse --show-toplevel [2ms]
2024-10-28 14:03:18.500 [info] fatal: not a git repository (or any parent up to mount point /teamspace/studios)
Stopping at filesystem boundary (GIT_DISCOVERY_ACROSS_FILESYSTEM not set).
2024-10-28 14:03:53.402 [info] > git rev-parse --show-toplevel [2ms]
2024-10-28 14:03:53.403 [info] fatal: not a git repository (or any parent up to mount point /teamspace/studios)
Stopping at filesystem boundary (GIT_DISCOVERY_ACROSS_FILESYSTEM not set).
2024-10-28 14:04:01.573 [info] > git rev-parse --show-toplevel [2ms]
2024-10-28 14:04:01.574 [info] fatal: not a git repository (or any parent up to mount point /teamspace/studios)
Stopping at filesystem boundary (GIT_DISCOVERY_ACROSS_FILESYSTEM not set).
2024-10-28 14:04:06.326 [info] > git rev-parse --show-toplevel [2ms]
2024-10-28 14:04:06.327 [info] fatal: not a git repository (or any parent up to mount point /teamspace/studios)
Stopping at filesystem boundary (GIT_DISCOVERY_ACROSS_FILESYSTEM not set).
2024-10-28 14:04:37.022 [info] > git rev-parse --show-toplevel [2ms]
2024-10-28 14:04:37.023 [info] fatal: not a git repository (or any parent up to mount point /teamspace/studios)
Stopping at filesystem boundary (GIT_DISCOVERY_ACROSS_FILESYSTEM not set).
2024-10-28 14:04:40.274 [info] > git rev-parse --show-toplevel [1ms]
2024-10-28 14:04:40.274 [info] fatal: not a git repository (or any parent up to mount point /teamspace/studios)
Stopping at filesystem boundary (GIT_DISCOVERY_ACROSS_FILESYSTEM not set).
2024-10-28 14:05:13.993 [info] > git rev-parse --show-toplevel [2ms]
2024-10-28 14:05:13.993 [info] fatal: not a git repository (or any parent up to mount point /teamspace/studios)
Stopping at filesystem boundary (GIT_DISCOVERY_ACROSS_FILESYSTEM not set).
2024-10-28 14:24:19.093 [info] > git rev-parse --show-toplevel [3ms]
2024-10-28 14:24:19.093 [info] fatal: not a git repository (or any parent up to mount point /teamspace/studios)
Stopping at filesystem boundary (GIT_DISCOVERY_ACROSS_FILESYSTEM not set).
2024-10-28 14:24:20.047 [info] > git rev-parse --show-toplevel [2ms]
2024-10-28 14:24:20.047 [info] fatal: not a git repository (or any parent up to mount point /teamspace/studios)
Stopping at filesystem boundary (GIT_DISCOVERY_ACROSS_FILESYSTEM not set).
2024-10-28 14:24:20.901 [info] > git rev-parse --show-toplevel [2ms]
2024-10-28 14:24:20.901 [info] fatal: not a git repository (or any parent up to mount point /teamspace/studios)
Stopping at filesystem boundary (GIT_DISCOVERY_ACROSS_FILESYSTEM not set).
2024-10-28 15:23:19.332 [info] > git rev-parse --show-toplevel [2ms]
2024-10-28 15:23:19.332 [info] fatal: not a git repository (or any parent up to mount point /teamspace/studios)
Stopping at filesystem boundary (GIT_DISCOVERY_ACROSS_FILESYSTEM not set).
2024-10-28 15:24:35.986 [info] > git rev-parse --show-toplevel [2ms]
2024-10-28 15:24:35.986 [info] fatal: not a git repository (or any parent up to mount point /teamspace/studios)
Stopping at filesystem boundary (GIT_DISCOVERY_ACROSS_FILESYSTEM not set).
2024-10-28 15:24:38.672 [info] > git rev-parse --show-toplevel [2ms]
2024-10-28 15:24:38.673 [info] fatal: not a git repository (or any parent up to mount point /teamspace/studios)
Stopping at filesystem boundary (GIT_DISCOVERY_ACROSS_FILESYSTEM not set).
2024-10-28 15:28:14.881 [info] > git rev-parse --show-toplevel [2ms]
2024-10-28 15:28:14.882 [info] fatal: not a git repository (or any parent up to mount point /teamspace/studios)
Stopping at filesystem boundary (GIT_DISCOVERY_ACROSS_FILESYSTEM not set).
2024-10-28 15:28:16.958 [info] > git rev-parse --show-toplevel [2ms]
2024-10-28 15:28:16.959 [info] fatal: not a git repository (or any parent up to mount point /teamspace/studios)
Stopping at filesystem boundary (GIT_DISCOVERY_ACROSS_FILESYSTEM not set).
2024-10-28 15:28:20.643 [info] > git rev-parse --show-toplevel [2ms]
2024-10-28 15:28:20.643 [info] fatal: not a git repository (or any parent up to mount point /teamspace/studios)
Stopping at filesystem boundary (GIT_DISCOVERY_ACROSS_FILESYSTEM not set).
2024-10-28 15:28:29.807 [info] > git rev-parse --show-toplevel [2ms]
2024-10-28 15:28:29.807 [info] fatal: not a git repository (or any parent up to mount point /teamspace/studios)
Stopping at filesystem boundary (GIT_DISCOVERY_ACROSS_FILESYSTEM not set).
2024-10-28 15:29:39.660 [info] > git rev-parse --show-toplevel [2ms]
2024-10-28 15:29:39.661 [info] fatal: not a git repository (or any parent up to mount point /teamspace/studios)
Stopping at filesystem boundary (GIT_DISCOVERY_ACROSS_FILESYSTEM not set).
2024-10-28 15:29:49.203 [info] > git rev-parse --show-toplevel [2ms]
2024-10-28 15:29:49.204 [info] fatal: not a git repository (or any parent up to mount point /teamspace/studios)
Stopping at filesystem boundary (GIT_DISCOVERY_ACROSS_FILESYSTEM not set).
2024-10-28 15:29:53.966 [info] > git rev-parse --show-toplevel [2ms]
2024-10-28 15:29:53.966 [info] fatal: not a git repository (or any parent up to mount point /teamspace/studios)
Stopping at filesystem boundary (GIT_DISCOVERY_ACROSS_FILESYSTEM not set).
2024-10-28 15:29:56.349 [info] > git rev-parse --show-toplevel [2ms]
2024-10-28 15:29:56.349 [info] fatal: not a git repository (or any parent up to mount point /teamspace/studios)
Stopping at filesystem boundary (GIT_DISCOVERY_ACROSS_FILESYSTEM not set).
2024-10-28 15:30:04.887 [info] > git rev-parse --show-toplevel [2ms]
2024-10-28 15:30:04.888 [info] fatal: not a git repository (or any parent up to mount point /teamspace/studios)
Stopping at filesystem boundary (GIT_DISCOVERY_ACROSS_FILESYSTEM not set).
2024-10-28 15:30:10.018 [info] > git rev-parse --show-toplevel [2ms]
2024-10-28 15:30:10.019 [info] fatal: not a git repository (or any parent up to mount point /teamspace/studios)
Stopping at filesystem boundary (GIT_DISCOVERY_ACROSS_FILESYSTEM not set).
2024-10-28 15:30:14.026 [info] > git rev-parse --show-toplevel [2ms]
2024-10-28 15:30:14.027 [info] fatal: not a git repository (or any parent up to mount point /teamspace/studios)
Stopping at filesystem boundary (GIT_DISCOVERY_ACROSS_FILESYSTEM not set).
2024-10-28 15:30:22.045 [info] > git rev-parse --show-toplevel [2ms]
2024-10-28 15:30:22.045 [info] fatal: not a git repository (or any parent up to mount point /teamspace/studios)
Stopping at filesystem boundary (GIT_DISCOVERY_ACROSS_FILESYSTEM not set).
2024-10-28 15:30:34.568 [info] > git rev-parse --show-toplevel [2ms]
2024-10-28 15:30:34.568 [info] fatal: not a git repository (or any parent up to mount point /teamspace/studios)
Stopping at filesystem boundary (GIT_DISCOVERY_ACROSS_FILESYSTEM not set).
2024-10-28 15:30:38.103 [info] > git rev-parse --show-toplevel [2ms]
2024-10-28 15:30:38.104 [info] fatal: not a git repository (or any parent up to mount point /teamspace/studios)
Stopping at filesystem boundary (GIT_DISCOVERY_ACROSS_FILESYSTEM not set).
2024-10-28 15:31:01.966 [info] > git rev-parse --show-toplevel [2ms]
2024-10-28 15:31:01.967 [info] fatal: not a git repository (or any parent up to mount point /teamspace/studios)
Stopping at filesystem boundary (GIT_DISCOVERY_ACROSS_FILESYSTEM not set).
2024-10-28 15:31:37.771 [info] > git rev-parse --show-toplevel [1ms]
2024-10-28 15:31:37.771 [info] fatal: not a git repository (or any parent up to mount point /teamspace/studios)
Stopping at filesystem boundary (GIT_DISCOVERY_ACROSS_FILESYSTEM not set).
2024-10-28 15:31:46.675 [info] > git rev-parse --show-toplevel [2ms]
2024-10-28 15:31:46.676 [info] fatal: not a git repository (or any parent up to mount point /teamspace/studios)
Stopping at filesystem boundary (GIT_DISCOVERY_ACROSS_FILESYSTEM not set).
2024-10-28 15:31:54.256 [info] > git rev-parse --show-toplevel [2ms]
2024-10-28 15:31:54.256 [info] fatal: not a git repository (or any parent up to mount point /teamspace/studios)
Stopping at filesystem boundary (GIT_DISCOVERY_ACROSS_FILESYSTEM not set).
2024-10-28 15:31:55.417 [info] > git rev-parse --show-toplevel [2ms]
2024-10-28 15:31:55.417 [info] fatal: not a git repository (or any parent up to mount point /teamspace/studios)
Stopping at filesystem boundary (GIT_DISCOVERY_ACROSS_FILESYSTEM not set).
2024-10-28 15:31:57.911 [info] > git rev-parse --show-toplevel [2ms]
2024-10-28 15:31:57.912 [info] fatal: not a git repository (or any parent up to mount point /teamspace/studios)
Stopping at filesystem boundary (GIT_DISCOVERY_ACROSS_FILESYSTEM not set).
2024-10-28 15:32:01.601 [info] > git rev-parse --show-toplevel [2ms]
2024-10-28 15:32:01.601 [info] fatal: not a git repository (or any parent up to mount point /teamspace/studios)
Stopping at filesystem boundary (GIT_DISCOVERY_ACROSS_FILESYSTEM not set).
2024-10-28 15:32:04.102 [info] > git rev-parse --show-toplevel [2ms]
2024-10-28 15:32:04.102 [info] fatal: not a git repository (or any parent up to mount point /teamspace/studios)
Stopping at filesystem boundary (GIT_DISCOVERY_ACROSS_FILESYSTEM not set).
2024-10-28 15:32:07.759 [info] > git rev-parse --show-toplevel [2ms]
2024-10-28 15:32:07.760 [info] fatal: not a git repository (or any parent up to mount point /teamspace/studios)
Stopping at filesystem boundary (GIT_DISCOVERY_ACROSS_FILESYSTEM not set).
2024-10-28 15:37:22.095 [info] > git rev-parse --show-toplevel [2ms]
2024-10-28 15:37:22.096 [info] fatal: not a git repository (or any parent up to mount point /teamspace/studios)
Stopping at filesystem boundary (GIT_DISCOVERY_ACROSS_FILESYSTEM not set).
2024-10-28 15:37:26.902 [info] > git rev-parse --show-toplevel [2ms]
2024-10-28 15:37:26.902 [info] fatal: not a git repository (or any parent up to mount point /teamspace/studios)
Stopping at filesystem boundary (GIT_DISCOVERY_ACROSS_FILESYSTEM not set).
