2024-12-21 06:27:45.459 [info] Experiment 'pythonRecommendTensorboardExt' is active
2024-12-21 06:27:45.460 [info] Experiment 'pythonTerminalEnvVarActivation' is active
2024-12-21 06:27:45.460 [info] Experiment 'pythonTestAdapter' is active
2024-12-21 06:27:45.460 [info] Native locator: Refresh started
2024-12-21 06:27:45.460 [info] Poetry environment manager found at: /commands/poetry
2024-12-21 06:27:45.460 [info] Conda environment manager found at: /home/zeus/miniconda3/bin/conda
2024-12-21 06:27:45.460 [info] Native locator: Refresh finished in 167 ms
2024-12-21 06:27:45.460 [info] Python interpreter path: /home/zeus/miniconda3/envs/cloudspace/bin/python
2024-12-21 06:27:46.181 [info] > pyenv which python
2024-12-21 06:27:46.181 [info] cwd: .
2024-12-21 06:27:47.551 [info] > /home/zeus/miniconda3/bin/conda info --json
2024-12-21 06:27:47.852 [warning] Shell integration may not be active, environment activated may be overridden by the shell.
2024-12-21 06:27:58.318 [info] Starting Pylance language server.
2024-12-21 07:18:03.398 [info] Discover tests for workspace name: this_studio - uri: /teamspace/studios/this_studio/Loader.py
2024-12-21 07:18:55.139 [info] Discover tests for workspace name: this_studio - uri: /teamspace/studios/this_studio/Loader.py
2024-12-21 07:19:54.178 [info] Discover tests for workspace name: this_studio - uri: /teamspace/studios/this_studio/Loader.py
2024-12-21 07:21:09.880 [info] Discover tests for workspace name: this_studio - uri: /teamspace/studios/this_studio/Loader.py
2024-12-21 07:24:14.053 [info] Discover tests for workspace name: this_studio - uri: /teamspace/studios/this_studio/Loader.py
2024-12-21 07:25:39.057 [info] Discover tests for workspace name: this_studio - uri: /teamspace/studios/this_studio/Loader.py
2024-12-21 07:26:25.259 [info] Discover tests for workspace name: this_studio - uri: /teamspace/studios/this_studio/Loader.py
