2024-12-21 06:27:47.901 [info] [Info  - 6:27:47 AM] (2336) Server root directory: file:///teamspace/studios/this_studio/.vscode-server/extensions/ms-python.vscode-pylance-2024.12.1/dist
2024-12-21 06:27:47.901 [info] [Info  - 6:27:47 AM] (2336) Pylance language server 2024.12.1 (pyright version 1.1.389, commit ce1325fc) starting
2024-12-21 06:27:47.902 [info] [Info  - 6:27:47 AM] (2336) Starting service instance "this_studio"
2024-12-21 06:27:47.937 [info] [Info  - 6:27:47 AM] (2336) Setting environmentName for service "this_studio": "3.10.10 (cloudspace conda)"
2024-12-21 06:27:47.937 [info] [Info  - 6:27:47 AM] (2336) Setting pythonPath for service "this_studio": "/home/zeus/miniconda3/envs/cloudspace/bin/python"
2024-12-21 06:27:47.937 [info] [Info  - 6:27:47 AM] (2336) No include entries specified; assuming /teamspace/studios/this_studio
2024-12-21 06:27:47.938 [info] [Info  - 6:27:47 AM] (2336) Auto-excluding **/node_modules
2024-12-21 06:27:47.938 [info] [Info  - 6:27:47 AM] (2336) Auto-excluding **/__pycache__
2024-12-21 06:27:47.938 [info] [Info  - 6:27:47 AM] (2336) Auto-excluding **/.*
2024-12-21 06:27:47.960 [info] [Info  - 6:27:47 AM] (2336) Assuming Python version 3.10.10.final.0
2024-12-21 06:27:48.188 [info] [Info  - 6:27:48 AM] (2336) Found 5 source files
2024-12-21 06:27:48.615 [info] [Info  - 6:27:48 AM] (2336) Background analysis(1) root directory: file:///teamspace/studios/this_studio/.vscode-server/extensions/ms-python.vscode-pylance-2024.12.1/dist
2024-12-21 06:27:48.615 [info] [Info  - 6:27:48 AM] (2336) Background analysis(1) started
2024-12-21 06:27:48.659 [info] [Info  - 6:27:48 AM] (2336) Indexer background runner(2) root directory: file:///teamspace/studios/this_studio/.vscode-server/extensions/ms-python.vscode-pylance-2024.12.1/dist (index)
2024-12-21 06:27:48.659 [info] [Info  - 6:27:48 AM] (2336) Indexing(2) started
2024-12-21 06:27:48.932 [info] [Info  - 6:27:48 AM] (2336) Found 5 source files
2024-12-21 06:27:50.291 [info] [Info  - 6:27:50 AM] (2336) scanned(2) 555 files over 1 exec env
2024-12-21 06:27:50.765 [info] [Info  - 6:27:50 AM] (2336) indexed(2) 555 files over 1 exec env
2024-12-21 06:27:50.988 [info] [Info  - 6:27:50 AM] (2336) Indexing finished(2).
2024-12-21 06:27:53.950 [info] [Info  - 6:27:53 AM] (2336) Found 5 source files
2024-12-21 06:27:58.317 [info] (Client) The existing extension didn't exit within 10 seconds. New instance will start, but you might encounter issues.
2024-12-21 06:27:58.317 [info] (Client) Pylance async client (2024.12.1) started with python extension (2024.22.0)
2024-12-21 06:28:02.422 [info] [Info  - 6:28:02 AM] (2336) Found 5 source files
2024-12-21 06:28:42.362 [info] [Info  - 6:28:42 AM] (2336) Found 6 source files
2024-12-21 07:18:52.749 [info] [Info  - 7:18:52 AM] (2336) Indexer background runner(3) root directory: file:///teamspace/studios/this_studio/.vscode-server/extensions/ms-python.vscode-pylance-2024.12.1/dist (refresh)
2024-12-21 07:18:52.751 [info] [Info  - 7:18:52 AM] (2336) Indexing(3) started
2024-12-21 07:18:53.650 [info] [Info  - 7:18:53 AM] (2336) scanned(3) 563 files over 1 exec env
2024-12-21 07:18:54.151 [info] [Info  - 7:18:54 AM] (2336) indexed(3) 563 files over 1 exec env
2024-12-21 07:18:54.275 [info] [Info  - 7:18:54 AM] (2336) Indexing finished(3).
