2024-12-24 17:17:59.625 [info] Extension host with pid 1810 started
2024-12-24 17:17:59.626 [error] Error: EEXIST: file already exists, open '/teamspace/studios/this_studio/.vscode-server/data/User/workspaceStorage/c98d4731a5215d76c1de2b73d14eb7c0/vscode.lock'
2024-12-24 17:17:59.636 [info] Lock '/teamspace/studios/this_studio/.vscode-server/data/User/workspaceStorage/c98d4731a5215d76c1de2b73d14eb7c0/vscode.lock': Could not acquire lock, checking if the file is stale.
2024-12-24 17:17:59.641 [info] Lock '/teamspace/studios/this_studio/.vscode-server/data/User/workspaceStorage/c98d4731a5215d76c1de2b73d14eb7c0/vscode.lock': The pid 1731 appears to be gone.
2024-12-24 17:17:59.641 [info] Lock '/teamspace/studios/this_studio/.vscode-server/data/User/workspaceStorage/c98d4731a5215d76c1de2b73d14eb7c0/vscode.lock': Deleting a stale lock.
2024-12-24 17:17:59.657 [info] Lock '/teamspace/studios/this_studio/.vscode-server/data/User/workspaceStorage/c98d4731a5215d76c1de2b73d14eb7c0/vscode.lock': Lock acquired.
2024-12-24 17:18:00.178 [info] ExtensionService#_doActivateExtension vscode.git-base, startup: false, activationEvent: '*', root cause: vscode.git
2024-12-24 17:18:00.179 [info] ExtensionService#_doActivateExtension vscode.tunnel-forwarding, startup: false, activationEvent: 'onTunnel'
2024-12-24 17:18:00.180 [info] ExtensionService#_doActivateExtension ms-python.python, startup: false, activationEvent: 'onLanguage:python', root cause: ms-python.debugpy
2024-12-24 17:18:00.180 [info] ExtensionService#_doActivateExtension ms-toolsai.jupyter, startup: false, activationEvent: 'onLanguage:python'
2024-12-24 17:18:00.181 [info] ExtensionService#_doActivateExtension vscode.emmet, startup: false, activationEvent: 'onLanguage'
2024-12-24 17:18:01.178 [info] ExtensionService#_doActivateExtension ms-toolsai.jupyter-renderers, startup: false, activationEvent: 'api', root cause: ms-toolsai.jupyter
2024-12-24 17:18:01.208 [info] ExtensionService#_doActivateExtension vscode.git, startup: false, activationEvent: '*'
2024-12-24 17:18:01.208 [info] ExtensionService#_doActivateExtension vscode.github, startup: false, activationEvent: '*'
2024-12-24 17:18:01.716 [info] ExtensionService#_doActivateExtension ms-python.debugpy, startup: false, activationEvent: 'onLanguage:python'
2024-12-24 17:18:01.716 [info] ExtensionService#_doActivateExtension ms-python.vscode-pylance, startup: false, activationEvent: 'onLanguage:python'
2024-12-24 17:18:01.999 [info] Eager extensions activated
2024-12-24 17:18:01.999 [info] ExtensionService#_doActivateExtension vscode.debug-auto-launch, startup: false, activationEvent: 'onStartupFinished'
2024-12-24 17:18:02.000 [info] ExtensionService#_doActivateExtension vscode.merge-conflict, startup: false, activationEvent: 'onStartupFinished'
2024-12-24 17:18:04.411 [error] Error: Failed to resolve env "/teamspace/studios/this_studio/.vscode-server/extensions/.35144aef-5b8b-4de7-a35f-0fa6a7ddb77b/python_files/lib/python"
	at ae (/teamspace/studios/this_studio/.vscode-server/extensions/ms-python.python-2024.22.0-linux-x64/out/client/extension.js:2:2037533)
	at oe (/teamspace/studios/this_studio/.vscode-server/extensions/ms-python.python-2024.22.0-linux-x64/out/client/extension.js:2:2035493)
	at Immediate.<anonymous> (/teamspace/studios/this_studio/.vscode-server/extensions/ms-python.python-2024.22.0-linux-x64/out/client/extension.js:2:2031787)
	at process.processImmediate (node:internal/timers:483:21)
2024-12-24 17:18:04.840 [error] Error: Failed to resolve env "/teamspace/studios/this_studio/.vscode-server/extensions/.35144aef-5b8b-4de7-a35f-0fa6a7ddb77b/python_files/lib/jedilsp/parso/python"
	at ae (/teamspace/studios/this_studio/.vscode-server/extensions/ms-python.python-2024.22.0-linux-x64/out/client/extension.js:2:2037533)
	at oe (/teamspace/studios/this_studio/.vscode-server/extensions/ms-python.python-2024.22.0-linux-x64/out/client/extension.js:2:2035493)
	at Immediate.<anonymous> (/teamspace/studios/this_studio/.vscode-server/extensions/ms-python.python-2024.22.0-linux-x64/out/client/extension.js:2:2031787)
	at process.processImmediate (node:internal/timers:483:21)
2024-12-24 19:47:48.747 [info] ExtensionService#_doActivateExtension vscode.configuration-editing, startup: false, activationEvent: 'onLanguage:json'
2024-12-24 19:47:48.748 [info] ExtensionService#_doActivateExtension vscode.extension-editing, startup: false, activationEvent: 'onLanguage:json'
2024-12-24 19:47:48.748 [info] ExtensionService#_doActivateExtension vscode.json-language-features, startup: false, activationEvent: 'onLanguage:json'
2024-12-24 19:47:48.749 [info] ExtensionService#_doActivateExtension vscode.npm, startup: false, activationEvent: 'onLanguage:json'
2024-12-24 20:02:15.955 [info] ExtensionService#_doActivateExtension vscode.typescript-language-features, startup: false, activationEvent: 'onLanguage:jsonc'
2024-12-24 20:43:36.086 [info] Extension host terminating: received terminate message from renderer
2024-12-24 20:43:36.087 [info] Lock '/teamspace/studios/this_studio/.vscode-server/data/User/workspaceStorage/c98d4731a5215d76c1de2b73d14eb7c0/vscode.lock': Marking the lockfile as scheduled to be released in 6000 ms.
2024-12-24 20:43:36.125 [error] Canceled: Canceled
	at new IT (file:///teamspace/studios/this_studio/.vscode-server/cli/servers/Stable-fabdb6a30b49f79a7aba0f2ad9df9b399473380f/server/out/vs/workbench/api/node/extensionHostProcess.js:32:153476)
	at Dy.U (file:///teamspace/studios/this_studio/.vscode-server/cli/servers/Stable-fabdb6a30b49f79a7aba0f2ad9df9b399473380f/server/out/vs/workbench/api/node/extensionHostProcess.js:32:158086)
	at s.<computed>.n.charCodeAt.s.<computed> (file:///teamspace/studios/this_studio/.vscode-server/cli/servers/Stable-fabdb6a30b49f79a7aba0f2ad9df9b399473380f/server/out/vs/workbench/api/node/extensionHostProcess.js:32:155580)
	at cw.g (file:///teamspace/studios/this_studio/.vscode-server/cli/servers/Stable-fabdb6a30b49f79a7aba0f2ad9df9b399473380f/server/out/vs/workbench/api/node/extensionHostProcess.js:115:32313)
	at cw.executeCommand (file:///teamspace/studios/this_studio/.vscode-server/cli/servers/Stable-fabdb6a30b49f79a7aba0f2ad9df9b399473380f/server/out/vs/workbench/api/node/extensionHostProcess.js:115:31817)
	at r.registerCommand.description (file:///teamspace/studios/this_studio/.vscode-server/cli/servers/Stable-fabdb6a30b49f79a7aba0f2ad9df9b399473380f/server/out/vs/workbench/api/node/extensionHostProcess.js:115:31147)
	at cw.h (file:///teamspace/studios/this_studio/.vscode-server/cli/servers/Stable-fabdb6a30b49f79a7aba0f2ad9df9b399473380f/server/out/vs/workbench/api/node/extensionHostProcess.js:115:32833)
	at cw.g (file:///teamspace/studios/this_studio/.vscode-server/cli/servers/Stable-fabdb6a30b49f79a7aba0f2ad9df9b399473380f/server/out/vs/workbench/api/node/extensionHostProcess.js:115:31910)
	at cw.executeCommand (file:///teamspace/studios/this_studio/.vscode-server/cli/servers/Stable-fabdb6a30b49f79a7aba0f2ad9df9b399473380f/server/out/vs/workbench/api/node/extensionHostProcess.js:115:31817)
	at Object.executeCommand (file:///teamspace/studios/this_studio/.vscode-server/cli/servers/Stable-fabdb6a30b49f79a7aba0f2ad9df9b399473380f/server/out/vs/workbench/api/node/extensionHostProcess.js:157:37484)
	at Sh.L [as value] (/teamspace/studios/this_studio/.vscode-server/cli/servers/Stable-fabdb6a30b49f79a7aba0f2ad9df9b399473380f/server/extensions/git/dist/main.js:2:975601)
	at P.B (file:///teamspace/studios/this_studio/.vscode-server/cli/servers/Stable-fabdb6a30b49f79a7aba0f2ad9df9b399473380f/server/out/vs/workbench/api/node/extensionHostProcess.js:30:746)
	at P.C (file:///teamspace/studios/this_studio/.vscode-server/cli/servers/Stable-fabdb6a30b49f79a7aba0f2ad9df9b399473380f/server/out/vs/workbench/api/node/extensionHostProcess.js:30:816)
	at P.fire (file:///teamspace/studios/this_studio/.vscode-server/cli/servers/Stable-fabdb6a30b49f79a7aba0f2ad9df9b399473380f/server/out/vs/workbench/api/node/extensionHostProcess.js:30:1033)
	at Object.p [as dispose] (/teamspace/studios/this_studio/.vscode-server/cli/servers/Stable-fabdb6a30b49f79a7aba0f2ad9df9b399473380f/server/extensions/git/dist/main.js:2:997158)
	at /teamspace/studios/this_studio/.vscode-server/cli/servers/Stable-fabdb6a30b49f79a7aba0f2ad9df9b399473380f/server/extensions/git/dist/main.js:2:1003280
	at Array.forEach (<anonymous>)
	at b.dispose (/teamspace/studios/this_studio/.vscode-server/cli/servers/Stable-fabdb6a30b49f79a7aba0f2ad9df9b399473380f/server/extensions/git/dist/main.js:2:1003266)
	at ev.<anonymous> (file:///teamspace/studios/this_studio/.vscode-server/cli/servers/Stable-fabdb6a30b49f79a7aba0f2ad9df9b399473380f/server/out/vs/workbench/api/node/extensionHostProcess.js:109:20047)
	at ev.dispose (file:///teamspace/studios/this_studio/.vscode-server/cli/servers/Stable-fabdb6a30b49f79a7aba0f2ad9df9b399473380f/server/out/vs/workbench/api/node/extensionHostProcess.js:109:20143)
	at ev.<anonymous> (/teamspace/studios/this_studio/.vscode-server/cli/servers/Stable-fabdb6a30b49f79a7aba0f2ad9df9b399473380f/server/extensions/git/dist/main.js:2:978080)
	at ev.dispose (file:///teamspace/studios/this_studio/.vscode-server/cli/servers/Stable-fabdb6a30b49f79a7aba0f2ad9df9b399473380f/server/out/vs/workbench/api/node/extensionHostProcess.js:109:20143)
	at ai (file:///teamspace/studios/this_studio/.vscode-server/cli/servers/Stable-fabdb6a30b49f79a7aba0f2ad9df9b399473380f/server/out/vs/workbench/api/node/extensionHostProcess.js:25:699)
	at file:///teamspace/studios/this_studio/.vscode-server/cli/servers/Stable-fabdb6a30b49f79a7aba0f2ad9df9b399473380f/server/out/vs/workbench/api/node/extensionHostProcess.js:119:14992
	at file:///teamspace/studios/this_studio/.vscode-server/cli/servers/Stable-fabdb6a30b49f79a7aba0f2ad9df9b399473380f/server/out/vs/workbench/api/node/extensionHostProcess.js:25:1009
	at Object.dispose (file:///teamspace/studios/this_studio/.vscode-server/cli/servers/Stable-fabdb6a30b49f79a7aba0f2ad9df9b399473380f/server/out/vs/workbench/api/node/extensionHostProcess.js:8:705)
	at zz.eb (file:///teamspace/studios/this_studio/.vscode-server/cli/servers/Stable-fabdb6a30b49f79a7aba0f2ad9df9b399473380f/server/out/vs/workbench/api/node/extensionHostProcess.js:119:11919)
	at file:///teamspace/studios/this_studio/.vscode-server/cli/servers/Stable-fabdb6a30b49f79a7aba0f2ad9df9b399473380f/server/out/vs/workbench/api/node/extensionHostProcess.js:119:9874
	at Array.map (<anonymous>)
	at zz.$ (file:///teamspace/studios/this_studio/.vscode-server/cli/servers/Stable-fabdb6a30b49f79a7aba0f2ad9df9b399473380f/server/out/vs/workbench/api/node/extensionHostProcess.js:119:9862)
	at zz.terminate (file:///teamspace/studios/this_studio/.vscode-server/cli/servers/Stable-fabdb6a30b49f79a7aba0f2ad9df9b399473380f/server/out/vs/workbench/api/node/extensionHostProcess.js:119:10105)
	at Q3.terminate (file:///teamspace/studios/this_studio/.vscode-server/cli/servers/Stable-fabdb6a30b49f79a7aba0f2ad9df9b399473380f/server/out/vs/workbench/api/node/extensionHostProcess.js:120:1424)
	at Zi (file:///teamspace/studios/this_studio/.vscode-server/cli/servers/Stable-fabdb6a30b49f79a7aba0f2ad9df9b399473380f/server/out/vs/workbench/api/node/extensionHostProcess.js:175:15080)
	at Sh.value (file:///teamspace/studios/this_studio/.vscode-server/cli/servers/Stable-fabdb6a30b49f79a7aba0f2ad9df9b399473380f/server/out/vs/workbench/api/node/extensionHostProcess.js:175:13241)
	at P.B (file:///teamspace/studios/this_studio/.vscode-server/cli/servers/Stable-fabdb6a30b49f79a7aba0f2ad9df9b399473380f/server/out/vs/workbench/api/node/extensionHostProcess.js:30:746)
	at P.fire (file:///teamspace/studios/this_studio/.vscode-server/cli/servers/Stable-fabdb6a30b49f79a7aba0f2ad9df9b399473380f/server/out/vs/workbench/api/node/extensionHostProcess.js:30:964)
	at Vn.fire (file:///teamspace/studios/this_studio/.vscode-server/cli/servers/Stable-fabdb6a30b49f79a7aba0f2ad9df9b399473380f/server/out/vs/workbench/api/node/extensionHostProcess.js:32:9457)
	at Wm.A (file:///teamspace/studios/this_studio/.vscode-server/cli/servers/Stable-fabdb6a30b49f79a7aba0f2ad9df9b399473380f/server/out/vs/workbench/api/node/extensionHostProcess.js:32:12573)
	at Sh.value (file:///teamspace/studios/this_studio/.vscode-server/cli/servers/Stable-fabdb6a30b49f79a7aba0f2ad9df9b399473380f/server/out/vs/workbench/api/node/extensionHostProcess.js:32:10993)
	at P.B (file:///teamspace/studios/this_studio/.vscode-server/cli/servers/Stable-fabdb6a30b49f79a7aba0f2ad9df9b399473380f/server/out/vs/workbench/api/node/extensionHostProcess.js:30:746)
	at P.fire (file:///teamspace/studios/this_studio/.vscode-server/cli/servers/Stable-fabdb6a30b49f79a7aba0f2ad9df9b399473380f/server/out/vs/workbench/api/node/extensionHostProcess.js:30:964)
	at s6.acceptChunk (file:///teamspace/studios/this_studio/.vscode-server/cli/servers/Stable-fabdb6a30b49f79a7aba0f2ad9df9b399473380f/server/out/vs/workbench/api/node/extensionHostProcess.js:32:7940)
	at file:///teamspace/studios/this_studio/.vscode-server/cli/servers/Stable-fabdb6a30b49f79a7aba0f2ad9df9b399473380f/server/out/vs/workbench/api/node/extensionHostProcess.js:32:7226
	at Socket.t (file:///teamspace/studios/this_studio/.vscode-server/cli/servers/Stable-fabdb6a30b49f79a7aba0f2ad9df9b399473380f/server/out/vs/workbench/api/node/extensionHostProcess.js:32:15451)
	at Socket.emit (node:events:518:28)
	at addChunk (node:internal/streams/readable:561:12)
	at readableAddChunkPushByteMode (node:internal/streams/readable:512:3)
	at Readable.push (node:internal/streams/readable:392:5)
	at Pipe.onStreamRead (node:internal/stream_base_commons:191:23) setContext undefined
2024-12-24 20:43:36.126 [error] Canceled: Canceled
	at new IT (file:///teamspace/studios/this_studio/.vscode-server/cli/servers/Stable-fabdb6a30b49f79a7aba0f2ad9df9b399473380f/server/out/vs/workbench/api/node/extensionHostProcess.js:32:153476)
	at Dy.U (file:///teamspace/studios/this_studio/.vscode-server/cli/servers/Stable-fabdb6a30b49f79a7aba0f2ad9df9b399473380f/server/out/vs/workbench/api/node/extensionHostProcess.js:32:158086)
	at s.<computed>.n.charCodeAt.s.<computed> (file:///teamspace/studios/this_studio/.vscode-server/cli/servers/Stable-fabdb6a30b49f79a7aba0f2ad9df9b399473380f/server/out/vs/workbench/api/node/extensionHostProcess.js:32:155580)
	at cw.g (file:///teamspace/studios/this_studio/.vscode-server/cli/servers/Stable-fabdb6a30b49f79a7aba0f2ad9df9b399473380f/server/out/vs/workbench/api/node/extensionHostProcess.js:115:32313)
	at cw.executeCommand (file:///teamspace/studios/this_studio/.vscode-server/cli/servers/Stable-fabdb6a30b49f79a7aba0f2ad9df9b399473380f/server/out/vs/workbench/api/node/extensionHostProcess.js:115:31817)
	at r.registerCommand.description (file:///teamspace/studios/this_studio/.vscode-server/cli/servers/Stable-fabdb6a30b49f79a7aba0f2ad9df9b399473380f/server/out/vs/workbench/api/node/extensionHostProcess.js:115:31147)
	at cw.h (file:///teamspace/studios/this_studio/.vscode-server/cli/servers/Stable-fabdb6a30b49f79a7aba0f2ad9df9b399473380f/server/out/vs/workbench/api/node/extensionHostProcess.js:115:32833)
	at cw.g (file:///teamspace/studios/this_studio/.vscode-server/cli/servers/Stable-fabdb6a30b49f79a7aba0f2ad9df9b399473380f/server/out/vs/workbench/api/node/extensionHostProcess.js:115:31910)
	at cw.executeCommand (file:///teamspace/studios/this_studio/.vscode-server/cli/servers/Stable-fabdb6a30b49f79a7aba0f2ad9df9b399473380f/server/out/vs/workbench/api/node/extensionHostProcess.js:115:31817)
	at Object.executeCommand (file:///teamspace/studios/this_studio/.vscode-server/cli/servers/Stable-fabdb6a30b49f79a7aba0f2ad9df9b399473380f/server/out/vs/workbench/api/node/extensionHostProcess.js:157:37484)
	at set hasGitHubRepositories [as hasGitHubRepositories] (/teamspace/studios/this_studio/.vscode-server/cli/servers/Stable-fabdb6a30b49f79a7aba0f2ad9df9b399473380f/server/extensions/github/dist/extension.js:2:328633)
	at /teamspace/studios/this_studio/.vscode-server/cli/servers/Stable-fabdb6a30b49f79a7aba0f2ad9df9b399473380f/server/extensions/github/dist/extension.js:2:329592
	at Sh.value (/teamspace/studios/this_studio/.vscode-server/cli/servers/Stable-fabdb6a30b49f79a7aba0f2ad9df9b399473380f/server/extensions/git/dist/main.js:2:1088462)
	at P.B (file:///teamspace/studios/this_studio/.vscode-server/cli/servers/Stable-fabdb6a30b49f79a7aba0f2ad9df9b399473380f/server/out/vs/workbench/api/node/extensionHostProcess.js:30:746)
	at P.C (file:///teamspace/studios/this_studio/.vscode-server/cli/servers/Stable-fabdb6a30b49f79a7aba0f2ad9df9b399473380f/server/out/vs/workbench/api/node/extensionHostProcess.js:30:816)
	at P.fire (file:///teamspace/studios/this_studio/.vscode-server/cli/servers/Stable-fabdb6a30b49f79a7aba0f2ad9df9b399473380f/server/out/vs/workbench/api/node/extensionHostProcess.js:30:1033)
	at Object.p [as dispose] (/teamspace/studios/this_studio/.vscode-server/cli/servers/Stable-fabdb6a30b49f79a7aba0f2ad9df9b399473380f/server/extensions/git/dist/main.js:2:997158)
	at /teamspace/studios/this_studio/.vscode-server/cli/servers/Stable-fabdb6a30b49f79a7aba0f2ad9df9b399473380f/server/extensions/git/dist/main.js:2:1003280
	at Array.forEach (<anonymous>)
	at b.dispose (/teamspace/studios/this_studio/.vscode-server/cli/servers/Stable-fabdb6a30b49f79a7aba0f2ad9df9b399473380f/server/extensions/git/dist/main.js:2:1003266)
	at ev.<anonymous> (file:///teamspace/studios/this_studio/.vscode-server/cli/servers/Stable-fabdb6a30b49f79a7aba0f2ad9df9b399473380f/server/out/vs/workbench/api/node/extensionHostProcess.js:109:20047)
	at ev.dispose (file:///teamspace/studios/this_studio/.vscode-server/cli/servers/Stable-fabdb6a30b49f79a7aba0f2ad9df9b399473380f/server/out/vs/workbench/api/node/extensionHostProcess.js:109:20143)
	at ev.<anonymous> (/teamspace/studios/this_studio/.vscode-server/cli/servers/Stable-fabdb6a30b49f79a7aba0f2ad9df9b399473380f/server/extensions/git/dist/main.js:2:978080)
	at ev.dispose (file:///teamspace/studios/this_studio/.vscode-server/cli/servers/Stable-fabdb6a30b49f79a7aba0f2ad9df9b399473380f/server/out/vs/workbench/api/node/extensionHostProcess.js:109:20143)
	at ai (file:///teamspace/studios/this_studio/.vscode-server/cli/servers/Stable-fabdb6a30b49f79a7aba0f2ad9df9b399473380f/server/out/vs/workbench/api/node/extensionHostProcess.js:25:699)
	at file:///teamspace/studios/this_studio/.vscode-server/cli/servers/Stable-fabdb6a30b49f79a7aba0f2ad9df9b399473380f/server/out/vs/workbench/api/node/extensionHostProcess.js:119:14992
	at file:///teamspace/studios/this_studio/.vscode-server/cli/servers/Stable-fabdb6a30b49f79a7aba0f2ad9df9b399473380f/server/out/vs/workbench/api/node/extensionHostProcess.js:25:1009
	at Object.dispose (file:///teamspace/studios/this_studio/.vscode-server/cli/servers/Stable-fabdb6a30b49f79a7aba0f2ad9df9b399473380f/server/out/vs/workbench/api/node/extensionHostProcess.js:8:705)
	at zz.eb (file:///teamspace/studios/this_studio/.vscode-server/cli/servers/Stable-fabdb6a30b49f79a7aba0f2ad9df9b399473380f/server/out/vs/workbench/api/node/extensionHostProcess.js:119:11919)
	at file:///teamspace/studios/this_studio/.vscode-server/cli/servers/Stable-fabdb6a30b49f79a7aba0f2ad9df9b399473380f/server/out/vs/workbench/api/node/extensionHostProcess.js:119:9874
	at Array.map (<anonymous>)
	at zz.$ (file:///teamspace/studios/this_studio/.vscode-server/cli/servers/Stable-fabdb6a30b49f79a7aba0f2ad9df9b399473380f/server/out/vs/workbench/api/node/extensionHostProcess.js:119:9862)
	at zz.terminate (file:///teamspace/studios/this_studio/.vscode-server/cli/servers/Stable-fabdb6a30b49f79a7aba0f2ad9df9b399473380f/server/out/vs/workbench/api/node/extensionHostProcess.js:119:10105)
	at Q3.terminate (file:///teamspace/studios/this_studio/.vscode-server/cli/servers/Stable-fabdb6a30b49f79a7aba0f2ad9df9b399473380f/server/out/vs/workbench/api/node/extensionHostProcess.js:120:1424)
	at Zi (file:///teamspace/studios/this_studio/.vscode-server/cli/servers/Stable-fabdb6a30b49f79a7aba0f2ad9df9b399473380f/server/out/vs/workbench/api/node/extensionHostProcess.js:175:15080)
	at Sh.value (file:///teamspace/studios/this_studio/.vscode-server/cli/servers/Stable-fabdb6a30b49f79a7aba0f2ad9df9b399473380f/server/out/vs/workbench/api/node/extensionHostProcess.js:175:13241)
	at P.B (file:///teamspace/studios/this_studio/.vscode-server/cli/servers/Stable-fabdb6a30b49f79a7aba0f2ad9df9b399473380f/server/out/vs/workbench/api/node/extensionHostProcess.js:30:746)
	at P.fire (file:///teamspace/studios/this_studio/.vscode-server/cli/servers/Stable-fabdb6a30b49f79a7aba0f2ad9df9b399473380f/server/out/vs/workbench/api/node/extensionHostProcess.js:30:964)
	at Vn.fire (file:///teamspace/studios/this_studio/.vscode-server/cli/servers/Stable-fabdb6a30b49f79a7aba0f2ad9df9b399473380f/server/out/vs/workbench/api/node/extensionHostProcess.js:32:9457)
	at Wm.A (file:///teamspace/studios/this_studio/.vscode-server/cli/servers/Stable-fabdb6a30b49f79a7aba0f2ad9df9b399473380f/server/out/vs/workbench/api/node/extensionHostProcess.js:32:12573)
	at Sh.value (file:///teamspace/studios/this_studio/.vscode-server/cli/servers/Stable-fabdb6a30b49f79a7aba0f2ad9df9b399473380f/server/out/vs/workbench/api/node/extensionHostProcess.js:32:10993)
	at P.B (file:///teamspace/studios/this_studio/.vscode-server/cli/servers/Stable-fabdb6a30b49f79a7aba0f2ad9df9b399473380f/server/out/vs/workbench/api/node/extensionHostProcess.js:30:746)
	at P.fire (file:///teamspace/studios/this_studio/.vscode-server/cli/servers/Stable-fabdb6a30b49f79a7aba0f2ad9df9b399473380f/server/out/vs/workbench/api/node/extensionHostProcess.js:30:964)
	at s6.acceptChunk (file:///teamspace/studios/this_studio/.vscode-server/cli/servers/Stable-fabdb6a30b49f79a7aba0f2ad9df9b399473380f/server/out/vs/workbench/api/node/extensionHostProcess.js:32:7940)
	at file:///teamspace/studios/this_studio/.vscode-server/cli/servers/Stable-fabdb6a30b49f79a7aba0f2ad9df9b399473380f/server/out/vs/workbench/api/node/extensionHostProcess.js:32:7226
	at Socket.t (file:///teamspace/studios/this_studio/.vscode-server/cli/servers/Stable-fabdb6a30b49f79a7aba0f2ad9df9b399473380f/server/out/vs/workbench/api/node/extensionHostProcess.js:32:15451)
	at Socket.emit (node:events:518:28)
	at addChunk (node:internal/streams/readable:561:12)
	at readableAddChunkPushByteMode (node:internal/streams/readable:512:3)
	at Readable.push (node:internal/streams/readable:392:5)
	at Pipe.onStreamRead (node:internal/stream_base_commons:191:23) setContext undefined
2024-12-24 20:43:36.131 [info] Extension host with pid 1810 exiting with code 0
