2024-12-20 16:42:16.899 [info] [Info  - 4:42:16 PM] (2189) Server root directory: file:///teamspace/studios/this_studio/.vscode-server/extensions/ms-python.vscode-pylance-2024.12.1/dist
2024-12-20 16:42:16.901 [info] [Info  - 4:42:16 PM] (2189) Pylance language server 2024.12.1 (pyright version 1.1.389, commit ce1325fc) starting
2024-12-20 16:42:16.901 [info] [Info  - 4:42:16 PM] (2189) Starting service instance "this_studio"
2024-12-20 16:42:16.937 [info] [Info  - 4:42:16 PM] (2189) Setting environmentName for service "this_studio": "3.10.10 (cloudspace conda)"
2024-12-20 16:42:16.937 [info] [Info  - 4:42:16 PM] (2189) Setting pythonPath for service "this_studio": "/home/zeus/miniconda3/envs/cloudspace/bin/python"
2024-12-20 16:42:16.938 [info] [Info  - 4:42:16 PM] (2189) No include entries specified; assuming /teamspace/studios/this_studio
2024-12-20 16:42:16.938 [info] [Info  - 4:42:16 PM] (2189) Auto-excluding **/node_modules
2024-12-20 16:42:16.938 [info] [Info  - 4:42:16 PM] (2189) Auto-excluding **/__pycache__
2024-12-20 16:42:16.939 [info] [Info  - 4:42:16 PM] (2189) Auto-excluding **/.*
2024-12-20 16:42:16.965 [info] [Info  - 4:42:16 PM] (2189) Assuming Python version 3.10.10.final.0
2024-12-20 16:42:17.202 [info] [Info  - 4:42:17 PM] (2189) Found 5 source files
2024-12-20 16:42:17.651 [info] [Info  - 4:42:17 PM] (2189) Background analysis(1) root directory: file:///teamspace/studios/this_studio/.vscode-server/extensions/ms-python.vscode-pylance-2024.12.1/dist
2024-12-20 16:42:17.652 [info] [Info  - 4:42:17 PM] (2189) Background analysis(1) started
2024-12-20 16:42:17.684 [info] [Info  - 4:42:17 PM] (2189) Indexer background runner(2) root directory: file:///teamspace/studios/this_studio/.vscode-server/extensions/ms-python.vscode-pylance-2024.12.1/dist (index)
2024-12-20 16:42:17.684 [info] [Info  - 4:42:17 PM] (2189) Indexing(2) started
2024-12-20 16:42:19.475 [info] [Info  - 4:42:19 PM] (2189) scanned(2) 555 files over 1 exec env
2024-12-20 16:42:19.922 [info] [Info  - 4:42:19 PM] (2189) indexed(2) 555 files over 1 exec env
2024-12-20 16:42:20.120 [info] [Info  - 4:42:20 PM] (2189) Indexing finished(2).
2024-12-20 16:42:27.656 [info] (Client) The existing extension didn't exit within 10 seconds. New instance will start, but you might encounter issues.
2024-12-20 16:42:27.656 [info] (Client) Pylance async client (2024.12.1) started with python extension (2024.22.0)
