2024-11-21 14:25:34.970 [info] [main] Log level: Info
2024-11-21 14:25:34.970 [info] [main] Validating found git in: "git"
2024-11-21 14:25:34.970 [info] [main] Using git "2.42.0" from "git"
2024-11-21 14:25:34.971 [info] [Model][doInitialScan] Initial repository scan started
2024-11-21 14:25:34.971 [info] > git rev-parse --show-toplevel [2ms]
2024-11-21 14:25:34.971 [info] fatal: not a git repository (or any parent up to mount point /teamspace/studios)
Stopping at filesystem boundary (GIT_DISCOVERY_ACROSS_FILESYSTEM not set).
2024-11-21 14:25:34.971 [info] > git rev-parse --show-toplevel [1ms]
2024-11-21 14:25:34.971 [info] fatal: not a git repository (or any parent up to mount point /teamspace/studios)
Stopping at filesystem boundary (GIT_DISCOVERY_ACROSS_FILESYSTEM not set).
2024-11-21 14:25:34.971 [info] > git rev-parse --show-toplevel [1ms]
2024-11-21 14:25:34.971 [info] fatal: not a git repository (or any parent up to mount point /teamspace/studios)
Stopping at filesystem boundary (GIT_DISCOVERY_ACROSS_FILESYSTEM not set).
2024-11-21 14:25:34.971 [info] > git rev-parse --show-toplevel [3ms]
2024-11-21 14:25:34.971 [info] fatal: not a git repository (or any parent up to mount point /teamspace/studios)
Stopping at filesystem boundary (GIT_DISCOVERY_ACROSS_FILESYSTEM not set).
2024-11-21 14:25:34.971 [info] > git rev-parse --show-toplevel [3ms]
2024-11-21 14:25:34.972 [info] fatal: not a git repository (or any parent up to mount point /teamspace/studios)
Stopping at filesystem boundary (GIT_DISCOVERY_ACROSS_FILESYSTEM not set).
2024-11-21 14:25:34.972 [info] > git rev-parse --show-toplevel [3ms]
2024-11-21 14:25:34.972 [info] fatal: not a git repository (or any parent up to mount point /teamspace/studios)
Stopping at filesystem boundary (GIT_DISCOVERY_ACROSS_FILESYSTEM not set).
2024-11-21 14:25:34.972 [info] > git rev-parse --show-toplevel [6ms]
2024-11-21 14:25:34.972 [info] fatal: not a git repository (or any parent up to mount point /teamspace/studios)
Stopping at filesystem boundary (GIT_DISCOVERY_ACROSS_FILESYSTEM not set).
2024-11-21 14:25:34.972 [info] > git rev-parse --show-toplevel [3ms]
2024-11-21 14:25:34.972 [info] fatal: not a git repository (or any parent up to mount point /teamspace/studios)
Stopping at filesystem boundary (GIT_DISCOVERY_ACROSS_FILESYSTEM not set).
2024-11-21 14:25:34.972 [info] > git rev-parse --show-toplevel [2ms]
2024-11-21 14:25:34.972 [info] fatal: not a git repository (or any parent up to mount point /teamspace/studios)
Stopping at filesystem boundary (GIT_DISCOVERY_ACROSS_FILESYSTEM not set).
2024-11-21 14:25:34.972 [info] > git rev-parse --show-toplevel [2ms]
2024-11-21 14:25:34.972 [info] fatal: not a git repository (or any parent up to mount point /teamspace/studios)
Stopping at filesystem boundary (GIT_DISCOVERY_ACROSS_FILESYSTEM not set).
2024-11-21 14:25:34.972 [info] > git rev-parse --show-toplevel [2ms]
2024-11-21 14:25:34.972 [info] fatal: not a git repository (or any parent up to mount point /teamspace/studios)
Stopping at filesystem boundary (GIT_DISCOVERY_ACROSS_FILESYSTEM not set).
2024-11-21 14:25:34.972 [info] > git rev-parse --show-toplevel [3ms]
2024-11-21 14:25:34.972 [info] fatal: not a git repository (or any parent up to mount point /teamspace/studios)
Stopping at filesystem boundary (GIT_DISCOVERY_ACROSS_FILESYSTEM not set).
2024-11-21 14:25:34.972 [info] > git rev-parse --show-toplevel [1ms]
2024-11-21 14:25:34.972 [info] fatal: not a git repository (or any parent up to mount point /teamspace/studios)
Stopping at filesystem boundary (GIT_DISCOVERY_ACROSS_FILESYSTEM not set).
2024-11-21 14:25:34.972 [info] [Model][doInitialScan] Initial repository scan completed - repositories (0), closed repositories (0), parent repositories (0), unsafe repositories (0)
2024-11-21 14:48:32.773 [info] > git rev-parse --show-toplevel [2ms]
2024-11-21 14:48:32.774 [info] fatal: not a git repository (or any parent up to mount point /teamspace/studios)
Stopping at filesystem boundary (GIT_DISCOVERY_ACROSS_FILESYSTEM not set).
2024-11-21 14:53:14.505 [info] > git rev-parse --show-toplevel [2ms]
2024-11-21 14:53:14.506 [info] fatal: not a git repository (or any parent up to mount point /teamspace/studios)
Stopping at filesystem boundary (GIT_DISCOVERY_ACROSS_FILESYSTEM not set).
2024-11-21 15:00:26.593 [info] > git rev-parse --show-toplevel [3ms]
2024-11-21 15:00:26.594 [info] fatal: not a git repository (or any parent up to mount point /teamspace/studios)
Stopping at filesystem boundary (GIT_DISCOVERY_ACROSS_FILESYSTEM not set).
