2024-12-04 15:53:23.670 [info] Extension host with pid 1487 started
2024-12-04 15:53:23.699 [info] Lock '/teamspace/studios/this_studio/.vscode-server/data/User/workspaceStorage/c98d4731a5215d76c1de2b73d14eb7c0/vscode.lock': Lock acquired.
2024-12-04 15:53:25.003 [info] ExtensionService#_doActivateExtension vscode.tunnel-forwarding, startup: false, activationEvent: 'onTunnel'
2024-12-04 15:53:25.003 [info] ExtensionService#_doActivateExtension vscode.git-base, startup: false, activationEvent: '*', root cause: vscode.git
2024-12-04 15:53:25.004 [info] ExtensionService#_doActivateExtension vscode.emmet, startup: false, activationEvent: 'onLanguage'
2024-12-04 15:53:25.390 [info] ExtensionService#_doActivateExtension vscode.git, startup: false, activationEvent: '*'
2024-12-04 15:53:25.391 [info] ExtensionService#_doActivateExtension vscode.github, startup: false, activationEvent: '*'
2024-12-04 15:53:25.899 [info] Eager extensions activated
2024-12-04 15:53:25.899 [info] ExtensionService#_doActivateExtension vscode.debug-auto-launch, startup: false, activationEvent: 'onStartupFinished'
2024-12-04 15:53:25.900 [info] ExtensionService#_doActivateExtension vscode.merge-conflict, startup: false, activationEvent: 'onStartupFinished'
2024-12-04 16:02:20.510 [warning] [Decorations] CAPPING events from decorations provider vscode.git 990
2024-12-04 16:02:20.710 [warning] [Decorations] CAPPING events from decorations provider vscode.git 990
2024-12-04 16:02:24.379 [warning] [Decorations] CAPPING events from decorations provider vscode.git 990
2024-12-04 16:02:29.493 [warning] [Decorations] CAPPING events from decorations provider vscode.git 990
2024-12-04 16:02:34.609 [warning] [Decorations] CAPPING events from decorations provider vscode.git 990
2024-12-04 16:02:39.713 [warning] [Decorations] CAPPING events from decorations provider vscode.git 990
2024-12-04 16:02:44.814 [warning] [Decorations] CAPPING events from decorations provider vscode.git 990
2024-12-04 16:02:49.919 [warning] [Decorations] CAPPING events from decorations provider vscode.git 990
2024-12-04 16:02:55.025 [warning] [Decorations] CAPPING events from decorations provider vscode.git 991
2024-12-04 16:03:00.140 [warning] [Decorations] CAPPING events from decorations provider vscode.git 991
2024-12-04 16:03:05.255 [warning] [Decorations] CAPPING events from decorations provider vscode.git 991
2024-12-04 16:03:10.369 [warning] [Decorations] CAPPING events from decorations provider vscode.git 991
2024-12-04 16:03:15.473 [warning] [Decorations] CAPPING events from decorations provider vscode.git 993
2024-12-04 16:03:20.613 [warning] [Decorations] CAPPING events from decorations provider vscode.git 992
2024-12-04 16:03:25.729 [warning] [Decorations] CAPPING events from decorations provider vscode.git 992
2024-12-04 16:03:30.848 [warning] [Decorations] CAPPING events from decorations provider vscode.git 992
2024-12-04 16:03:35.967 [warning] [Decorations] CAPPING events from decorations provider vscode.git 992
2024-12-04 16:03:41.386 [warning] [Decorations] CAPPING events from decorations provider vscode.git 992
2024-12-04 16:03:46.584 [warning] [Decorations] CAPPING events from decorations provider vscode.git 992
2024-12-04 16:03:51.824 [warning] [Decorations] CAPPING events from decorations provider vscode.git 992
2024-12-04 16:03:57.127 [warning] [Decorations] CAPPING events from decorations provider vscode.git 992
2024-12-04 16:04:02.443 [warning] [Decorations] CAPPING events from decorations provider vscode.git 992
2024-12-04 16:04:07.681 [warning] [Decorations] CAPPING events from decorations provider vscode.git 992
2024-12-04 16:04:12.783 [warning] [Decorations] CAPPING events from decorations provider vscode.git 992
2024-12-04 16:04:17.903 [warning] [Decorations] CAPPING events from decorations provider vscode.git 992
2024-12-04 16:04:31.506 [warning] [Decorations] CAPPING events from decorations provider vscode.git 992
2024-12-04 16:04:36.813 [warning] [Decorations] CAPPING events from decorations provider vscode.git 992
2024-12-04 16:04:42.127 [warning] [Decorations] CAPPING events from decorations provider vscode.git 992
2024-12-04 16:04:47.329 [warning] [Decorations] CAPPING events from decorations provider vscode.git 992
2024-12-04 16:04:52.563 [warning] [Decorations] CAPPING events from decorations provider vscode.git 992
2024-12-04 16:04:57.703 [warning] [Decorations] CAPPING events from decorations provider vscode.git 992
2024-12-04 16:05:02.810 [warning] [Decorations] CAPPING events from decorations provider vscode.git 992
2024-12-04 16:05:07.914 [warning] [Decorations] CAPPING events from decorations provider vscode.git 992
2024-12-04 16:05:13.024 [warning] [Decorations] CAPPING events from decorations provider vscode.git 992
2024-12-04 16:05:18.193 [warning] [Decorations] CAPPING events from decorations provider vscode.git 992
2024-12-04 16:05:23.305 [warning] [Decorations] CAPPING events from decorations provider vscode.git 992
2024-12-04 16:05:28.447 [warning] [Decorations] CAPPING events from decorations provider vscode.git 992
2024-12-04 16:05:33.567 [warning] [Decorations] CAPPING events from decorations provider vscode.git 946
2024-12-04 16:05:39.519 [warning] [Decorations] CAPPING events from decorations provider vscode.git 946
2024-12-04 16:05:44.627 [warning] [Decorations] CAPPING events from decorations provider vscode.git 946
2024-12-04 16:05:50.507 [warning] [Decorations] CAPPING events from decorations provider vscode.git 946
2024-12-04 16:05:55.631 [warning] [Decorations] CAPPING events from decorations provider vscode.git 946
2024-12-04 16:06:00.769 [warning] [Decorations] CAPPING events from decorations provider vscode.git 945
2024-12-04 16:06:05.892 [warning] [Decorations] CAPPING events from decorations provider vscode.git 945
2024-12-04 16:06:11.214 [warning] [Decorations] CAPPING events from decorations provider vscode.git 945
2024-12-04 16:06:16.614 [warning] [Decorations] CAPPING events from decorations provider vscode.git 945
2024-12-04 16:06:22.031 [warning] [Decorations] CAPPING events from decorations provider vscode.git 945
2024-12-04 16:06:27.438 [warning] [Decorations] CAPPING events from decorations provider vscode.git 945
2024-12-04 16:06:32.646 [warning] [Decorations] CAPPING events from decorations provider vscode.git 945
2024-12-04 16:06:37.813 [warning] [Decorations] CAPPING events from decorations provider vscode.git 944
