2024-11-21 05:46:21.036 [info] [main] Log level: Info
2024-11-21 05:46:21.036 [info] [main] Validating found git in: "git"
2024-11-21 05:46:21.037 [info] [main] Using git "2.42.0" from "git"
2024-11-21 05:46:21.037 [info] [Model][doInitialScan] Initial repository scan started
2024-11-21 05:46:21.037 [info] > git rev-parse --show-toplevel [2ms]
2024-11-21 05:46:21.037 [info] fatal: not a git repository (or any parent up to mount point /teamspace/studios)
Stopping at filesystem boundary (GIT_DISCOVERY_ACROSS_FILESYSTEM not set).
2024-11-21 05:46:21.037 [info] > git rev-parse --show-toplevel [2ms]
2024-11-21 05:46:21.037 [info] fatal: not a git repository (or any parent up to mount point /teamspace/studios)
Stopping at filesystem boundary (GIT_DISCOVERY_ACROSS_FILESYSTEM not set).
2024-11-21 05:46:21.037 [info] > git rev-parse --show-toplevel [2ms]
2024-11-21 05:46:21.037 [info] fatal: not a git repository (or any parent up to mount point /teamspace/studios)
Stopping at filesystem boundary (GIT_DISCOVERY_ACROSS_FILESYSTEM not set).
2024-11-21 05:46:21.037 [info] > git rev-parse --show-toplevel [1ms]
2024-11-21 05:46:21.037 [info] fatal: not a git repository (or any parent up to mount point /teamspace/studios)
Stopping at filesystem boundary (GIT_DISCOVERY_ACROSS_FILESYSTEM not set).
2024-11-21 05:46:21.037 [info] > git rev-parse --show-toplevel [2ms]
2024-11-21 05:46:21.037 [info] fatal: not a git repository (or any parent up to mount point /teamspace/studios)
Stopping at filesystem boundary (GIT_DISCOVERY_ACROSS_FILESYSTEM not set).
2024-11-21 05:46:21.037 [info] > git rev-parse --show-toplevel [2ms]
2024-11-21 05:46:21.037 [info] fatal: not a git repository (or any parent up to mount point /teamspace/studios)
Stopping at filesystem boundary (GIT_DISCOVERY_ACROSS_FILESYSTEM not set).
2024-11-21 05:46:21.037 [info] > git rev-parse --show-toplevel [2ms]
2024-11-21 05:46:21.037 [info] fatal: not a git repository (or any parent up to mount point /teamspace/studios)
Stopping at filesystem boundary (GIT_DISCOVERY_ACROSS_FILESYSTEM not set).
2024-11-21 05:46:21.037 [info] > git rev-parse --show-toplevel [2ms]
2024-11-21 05:46:21.037 [info] fatal: not a git repository (or any parent up to mount point /teamspace/studios)
Stopping at filesystem boundary (GIT_DISCOVERY_ACROSS_FILESYSTEM not set).
2024-11-21 05:46:21.037 [info] > git rev-parse --show-toplevel [2ms]
2024-11-21 05:46:21.037 [info] fatal: not a git repository (or any parent up to mount point /teamspace/studios)
Stopping at filesystem boundary (GIT_DISCOVERY_ACROSS_FILESYSTEM not set).
2024-11-21 05:46:21.037 [info] > git rev-parse --show-toplevel [2ms]
2024-11-21 05:46:21.037 [info] fatal: not a git repository (or any parent up to mount point /teamspace/studios)
Stopping at filesystem boundary (GIT_DISCOVERY_ACROSS_FILESYSTEM not set).
2024-11-21 05:46:21.037 [info] > git rev-parse --show-toplevel [2ms]
2024-11-21 05:46:21.037 [info] fatal: not a git repository (or any parent up to mount point /teamspace/studios)
Stopping at filesystem boundary (GIT_DISCOVERY_ACROSS_FILESYSTEM not set).
2024-11-21 05:46:21.037 [info] > git rev-parse --show-toplevel [2ms]
2024-11-21 05:46:21.037 [info] fatal: not a git repository (or any parent up to mount point /teamspace/studios)
Stopping at filesystem boundary (GIT_DISCOVERY_ACROSS_FILESYSTEM not set).
2024-11-21 05:46:21.037 [info] [Model][doInitialScan] Initial repository scan completed - repositories (0), closed repositories (0), parent repositories (0), unsafe repositories (0)
2024-11-21 05:46:28.495 [info] > git rev-parse --show-toplevel [3ms]
2024-11-21 05:46:28.495 [info] fatal: not a git repository (or any parent up to mount point /teamspace/studios)
Stopping at filesystem boundary (GIT_DISCOVERY_ACROSS_FILESYSTEM not set).
2024-11-21 05:48:18.545 [info] > git rev-parse --show-toplevel [3ms]
2024-11-21 05:48:18.546 [info] fatal: not a git repository (or any parent up to mount point /teamspace/studios)
Stopping at filesystem boundary (GIT_DISCOVERY_ACROSS_FILESYSTEM not set).
2024-11-21 05:55:07.371 [info] > git rev-parse --show-toplevel [2ms]
2024-11-21 05:55:07.371 [info] fatal: not a git repository (or any parent up to mount point /teamspace/studios)
Stopping at filesystem boundary (GIT_DISCOVERY_ACROSS_FILESYSTEM not set).
2024-11-21 05:57:56.072 [info] > git rev-parse --show-toplevel [2ms]
2024-11-21 05:57:56.073 [info] fatal: not a git repository (or any parent up to mount point /teamspace/studios)
Stopping at filesystem boundary (GIT_DISCOVERY_ACROSS_FILESYSTEM not set).
