2024-12-24 17:18:02.054 [info] [main] Log level: Info
2024-12-24 17:18:02.054 [info] [main] Validating found git in: "git"
2024-12-24 17:18:02.054 [info] [main] Using git "2.42.0" from "git"
2024-12-24 17:18:02.054 [info] [Model][doInitialScan] Initial repository scan started
2024-12-24 17:18:02.054 [info] > git rev-parse --show-toplevel [9ms]
2024-12-24 17:18:02.054 [info] > git rev-parse --git-dir --git-common-dir [3ms]
2024-12-24 17:18:02.063 [info] [Model][openRepository] Opened repository: /teamspace/studios/this_studio
2024-12-24 17:18:02.070 [info] > git config --get commit.template [2ms]
2024-12-24 17:18:02.078 [info] > git for-each-ref --format=%(refname)%00%(upstream:short)%00%(objectname)%00%(upstream:track)%00%(upstream:remotename)%00%(upstream:remoteref) refs/heads/main refs/remotes/main [5ms]
2024-12-24 17:18:02.084 [info] > git rev-parse --show-toplevel [7ms]
2024-12-24 17:18:02.088 [info] > git rev-parse --show-toplevel [2ms]
2024-12-24 17:18:02.093 [info] > git rev-parse --show-toplevel [2ms]
2024-12-24 17:18:02.100 [info] > git rev-parse --show-toplevel [5ms]
2024-12-24 17:18:02.104 [info] > git rev-parse --show-toplevel [3ms]
2024-12-24 17:18:02.109 [info] > git rev-parse --show-toplevel [3ms]
2024-12-24 17:18:02.113 [info] > git rev-parse --show-toplevel [3ms]
2024-12-24 17:18:02.116 [info] > git rev-parse --show-toplevel [2ms]
2024-12-24 17:18:02.120 [info] > git rev-parse --show-toplevel [2ms]
2024-12-24 17:18:02.123 [info] > git rev-parse --show-toplevel [2ms]
2024-12-24 17:18:02.127 [info] > git rev-parse --show-toplevel [2ms]
2024-12-24 17:18:02.130 [info] > git rev-parse --show-toplevel [2ms]
2024-12-24 17:18:02.132 [info] [Model][doInitialScan] Initial repository scan completed - repositories (1), closed repositories (0), parent repositories (0), unsafe repositories (0)
2024-12-24 17:18:02.182 [info] > git for-each-ref --sort -committerdate --format %(refname) %(objectname) %(*objectname) [99ms]
2024-12-24 17:18:02.964 [info] > git check-ignore -v -z --stdin [4ms]
2024-12-24 17:18:02.990 [info] > git show --textconv :Loader.py [3ms]
2024-12-24 17:18:02.992 [info] > git ls-files --stage -- /teamspace/studios/this_studio/Loader.py [3ms]
2024-12-24 17:18:03.513 [info] > git blame --root --incremental 2b88efe3130a40aa1abd4af03eb8e5de4b76899c -- /teamspace/studios/this_studio/Loader.py [113ms]
2024-12-24 17:18:03.513 [info] fatal: no such path Loader.py in 2b88efe3130a40aa1abd4af03eb8e5de4b76899c
2024-12-24 17:18:11.559 [info] > git status -z -uall [9479ms] (cancelled)
2024-12-24 19:40:14.337 [info] > git check-ignore -v -z --stdin [11ms]
2024-12-24 19:40:14.677 [info] > git show --textconv :Downloader.py [2ms]
2024-12-24 19:40:14.679 [info] > git ls-files --stage -- /teamspace/studios/this_studio/Downloader.py [2ms]
2024-12-24 19:47:49.230 [info] > git show --textconv :valid_pdfs.json [4ms]
2024-12-24 19:47:49.231 [info] > git ls-files --stage -- /teamspace/studios/this_studio/valid_pdfs.json [3ms]
2024-12-24 19:49:18.347 [info] > git blame --root --incremental 2b88efe3130a40aa1abd4af03eb8e5de4b76899c -- /teamspace/studios/this_studio/valid_pdfs.json [4ms]
2024-12-24 19:49:18.348 [info] fatal: no such path valid_pdfs.json in 2b88efe3130a40aa1abd4af03eb8e5de4b76899c
2024-12-24 19:51:07.321 [info] > git show --textconv :Downloader.py [4ms]
2024-12-24 19:51:07.333 [info] > git ls-files --stage -- /teamspace/studios/this_studio/Downloader.py [13ms]
2024-12-24 19:51:15.188 [info] > git blame --root --incremental 2b88efe3130a40aa1abd4af03eb8e5de4b76899c -- /teamspace/studios/this_studio/Downloader.py [4ms]
2024-12-24 19:51:15.189 [info] fatal: no such path Downloader.py in 2b88efe3130a40aa1abd4af03eb8e5de4b76899c
2024-12-24 19:54:16.590 [info] > git show --textconv :valid_pdfs.json [3ms]
2024-12-24 19:54:16.592 [info] > git ls-files --stage -- /teamspace/studios/this_studio/valid_pdfs.json [2ms]
2024-12-24 19:54:22.041 [info] > git show --textconv :Downloader.py [3ms]
2024-12-24 19:54:22.044 [info] > git ls-files --stage -- /teamspace/studios/this_studio/Downloader.py [4ms]
2024-12-24 19:54:43.113 [info] > git show --textconv :valid_pdfs.json [3ms]
2024-12-24 19:54:43.114 [info] > git ls-files --stage -- /teamspace/studios/this_studio/valid_pdfs.json [2ms]
2024-12-24 19:54:44.434 [info] > git show --textconv :Downloader.py [2ms]
2024-12-24 19:54:44.436 [info] > git ls-files --stage -- /teamspace/studios/this_studio/Downloader.py [2ms]
2024-12-24 19:55:51.439 [info] > git show --textconv :valid_pdfs.json [3ms]
2024-12-24 19:55:51.440 [info] > git ls-files --stage -- /teamspace/studios/this_studio/valid_pdfs.json [2ms]
2024-12-24 19:55:53.812 [info] > git show --textconv :Downloader.py [3ms]
2024-12-24 19:55:53.814 [info] > git ls-files --stage -- /teamspace/studios/this_studio/Downloader.py [2ms]
2024-12-24 19:58:48.763 [info] > git show --textconv :valid_pdfs.json [2ms]
2024-12-24 19:58:48.765 [info] > git ls-files --stage -- /teamspace/studios/this_studio/valid_pdfs.json [2ms]
2024-12-24 19:59:29.055 [info] > git show --textconv :Downloader.py [3ms]
2024-12-24 19:59:29.056 [info] > git ls-files --stage -- /teamspace/studios/this_studio/Downloader.py [2ms]
2024-12-24 20:00:20.747 [info] > git check-ignore -v -z --stdin [3ms]
2024-12-24 20:00:22.089 [info] > git check-ignore -v -z --stdin [2ms]
2024-12-24 20:00:24.063 [info] > git check-ignore -v -z --stdin [3ms]
2024-12-24 20:00:26.106 [info] > git check-ignore -v -z --stdin [3ms]
2024-12-24 20:00:27.361 [info] > git check-ignore -v -z --stdin [2ms]
2024-12-24 20:00:28.664 [info] > git check-ignore -v -z --stdin [3ms]
2024-12-24 20:00:29.856 [info] > git check-ignore -v -z --stdin [2ms]
2024-12-24 20:00:32.114 [info] > git check-ignore -v -z --stdin [5ms]
2024-12-24 20:00:33.344 [info] > git check-ignore -v -z --stdin [3ms]
2024-12-24 20:00:35.707 [info] > git check-ignore -v -z --stdin [3ms]
2024-12-24 20:00:37.878 [info] > git check-ignore -v -z --stdin [2ms]
2024-12-24 20:00:39.801 [info] > git check-ignore -v -z --stdin [3ms]
2024-12-24 20:00:41.780 [info] > git check-ignore -v -z --stdin [1ms]
2024-12-24 20:00:50.986 [info] > git check-ignore -v -z --stdin [4ms]
2024-12-24 20:00:56.341 [info] > git show --textconv :valid_pdfs.json [3ms]
2024-12-24 20:00:56.343 [info] > git ls-files --stage -- /teamspace/studios/this_studio/valid_pdfs.json [3ms]
2024-12-24 20:00:57.274 [info] > git show --textconv :Loader.py [2ms]
2024-12-24 20:00:57.277 [info] > git ls-files --stage -- /teamspace/studios/this_studio/Loader.py [3ms]
2024-12-24 20:00:58.850 [info] > git ls-files --stage -- /teamspace/studios/this_studio/Transformation.py [2ms]
2024-12-24 20:00:58.873 [info] > git show --textconv :Transformation.py [27ms]
